[2022-09-16 06:35:09] local.ERROR: Changing columns for table "keywords" requires Doctrine DBAL. Please install the doctrine/dbal package. {"exception":"[object] (RuntimeException(code: 0): Changing columns for table \"keywords\" requires Doctrine DBAL. Please install the doctrine/dbal package. at D:\\xampp\\htdocs\\my-jesus\\vendor\\laravel\\framework\\src\\Illuminate\\Database\\Schema\\Grammars\\ChangeColumn.php:30)
[stacktrace]
#0 D:\\xampp\\htdocs\\my-jesus\\vendor\\laravel\\framework\\src\\Illuminate\\Database\\Schema\\Grammars\\Grammar.php(83): Illuminate\\Database\\Schema\\Grammars\\ChangeColumn::compile(Object(Illuminate\\Database\\Schema\\Grammars\\MySqlGrammar), Object(Illuminate\\Database\\Schema\\Blueprint), Object(Illuminate\\Support\\Fluent), Object(Illuminate\\Database\\MySqlConnection))
#1 D:\\xampp\\htdocs\\my-jesus\\vendor\\laravel\\framework\\src\\Illuminate\\Database\\Schema\\Blueprint.php(135): Illuminate\\Database\\Schema\\Grammars\\Grammar->compileChange(Object(Illuminate\\Database\\Schema\\Blueprint), Object(Illuminate\\Support\\Fluent), Object(Illuminate\\Database\\MySqlConnection))
#2 D:\\xampp\\htdocs\\my-jesus\\vendor\\laravel\\framework\\src\\Illuminate\\Database\\Schema\\Blueprint.php(108): Illuminate\\Database\\Schema\\Blueprint->toSql(Object(Illuminate\\Database\\MySqlConnection), Object(Illuminate\\Database\\Schema\\Grammars\\MySqlGrammar))
#3 D:\\xampp\\htdocs\\my-jesus\\vendor\\laravel\\framework\\src\\Illuminate\\Database\\Schema\\Builder.php(364): Illuminate\\Database\\Schema\\Blueprint->build(Object(Illuminate\\Database\\MySqlConnection), Object(Illuminate\\Database\\Schema\\Grammars\\MySqlGrammar))
#4 D:\\xampp\\htdocs\\my-jesus\\vendor\\laravel\\framework\\src\\Illuminate\\Database\\Schema\\Builder.php(211): Illuminate\\Database\\Schema\\Builder->build(Object(Illuminate\\Database\\Schema\\Blueprint))
#5 D:\\xampp\\htdocs\\my-jesus\\vendor\\laravel\\framework\\src\\Illuminate\\Support\\Facades\\Facade.php(261): Illuminate\\Database\\Schema\\Builder->table('keywords', Object(Closure))
#6 D:\\xampp\\htdocs\\my-jesus\\app\\Providers\\AppServiceProvider.php(143): Illuminate\\Support\\Facades\\Facade::__callStatic('table', Array)
#7 D:\\xampp\\htdocs\\my-jesus\\vendor\\laravel\\framework\\src\\Illuminate\\Container\\BoundMethod.php(36): MyJesus\\Providers\\AppServiceProvider->boot()
#8 D:\\xampp\\htdocs\\my-jesus\\vendor\\laravel\\framework\\src\\Illuminate\\Container\\Util.php(40): Illuminate\\Container\\BoundMethod::Illuminate\\Container\\{closure}()
#9 D:\\xampp\\htdocs\\my-jesus\\vendor\\laravel\\framework\\src\\Illuminate\\Container\\BoundMethod.php(93): Illuminate\\Container\\Util::unwrapIfClosure(Object(Closure))
#10 D:\\xampp\\htdocs\\my-jesus\\vendor\\laravel\\framework\\src\\Illuminate\\Container\\BoundMethod.php(37): Illuminate\\Container\\BoundMethod::callBoundMethod(Object(Illuminate\\Foundation\\Application), Array, Object(Closure))
#11 D:\\xampp\\htdocs\\my-jesus\\vendor\\laravel\\framework\\src\\Illuminate\\Container\\Container.php(653): Illuminate\\Container\\BoundMethod::call(Object(Illuminate\\Foundation\\Application), Array, Array, NULL)
#12 D:\\xampp\\htdocs\\my-jesus\\vendor\\laravel\\framework\\src\\Illuminate\\Foundation\\Application.php(924): Illuminate\\Container\\Container->call(Array)
#13 D:\\xampp\\htdocs\\my-jesus\\vendor\\laravel\\framework\\src\\Illuminate\\Foundation\\Application.php(905): Illuminate\\Foundation\\Application->bootProvider(Object(MyJesus\\Providers\\AppServiceProvider))
#14 [internal function]: Illuminate\\Foundation\\Application->Illuminate\\Foundation\\{closure}(Object(MyJesus\\Providers\\AppServiceProvider), 25)
#15 D:\\xampp\\htdocs\\my-jesus\\vendor\\laravel\\framework\\src\\Illuminate\\Foundation\\Application.php(906): array_walk(Array, Object(Closure))
#16 D:\\xampp\\htdocs\\my-jesus\\vendor\\laravel\\framework\\src\\Illuminate\\Foundation\\Bootstrap\\BootProviders.php(17): Illuminate\\Foundation\\Application->boot()
#17 D:\\xampp\\htdocs\\my-jesus\\vendor\\laravel\\framework\\src\\Illuminate\\Foundation\\Application.php(237): Illuminate\\Foundation\\Bootstrap\\BootProviders->bootstrap(Object(Illuminate\\Foundation\\Application))
#18 D:\\xampp\\htdocs\\my-jesus\\vendor\\laravel\\framework\\src\\Illuminate\\Foundation\\Http\\Kernel.php(153): Illuminate\\Foundation\\Application->bootstrapWith(Array)
#19 D:\\xampp\\htdocs\\my-jesus\\vendor\\laravel\\framework\\src\\Illuminate\\Foundation\\Http\\Kernel.php(137): Illuminate\\Foundation\\Http\\Kernel->bootstrap()
#20 D:\\xampp\\htdocs\\my-jesus\\vendor\\laravel\\framework\\src\\Illuminate\\Foundation\\Http\\Kernel.php(111): Illuminate\\Foundation\\Http\\Kernel->sendRequestThroughRouter(Object(Illuminate\\Http\\Request))
#21 D:\\xampp\\htdocs\\my-jesus\\index.php(47): Illuminate\\Foundation\\Http\\Kernel->handle(Object(Illuminate\\Http\\Request))
#22 {main}
"} 
[2022-09-16 06:35:40] local.ERROR: Changing columns for table "keywords" requires Doctrine DBAL. Please install the doctrine/dbal package. {"exception":"[object] (RuntimeException(code: 0): Changing columns for table \"keywords\" requires Doctrine DBAL. Please install the doctrine/dbal package. at D:\\xampp\\htdocs\\my-jesus\\vendor\\laravel\\framework\\src\\Illuminate\\Database\\Schema\\Grammars\\ChangeColumn.php:30)
[stacktrace]
#0 D:\\xampp\\htdocs\\my-jesus\\vendor\\laravel\\framework\\src\\Illuminate\\Database\\Schema\\Grammars\\Grammar.php(83): Illuminate\\Database\\Schema\\Grammars\\ChangeColumn::compile(Object(Illuminate\\Database\\Schema\\Grammars\\MySqlGrammar), Object(Illuminate\\Database\\Schema\\Blueprint), Object(Illuminate\\Support\\Fluent), Object(Illuminate\\Database\\MySqlConnection))
#1 D:\\xampp\\htdocs\\my-jesus\\vendor\\laravel\\framework\\src\\Illuminate\\Database\\Schema\\Blueprint.php(135): Illuminate\\Database\\Schema\\Grammars\\Grammar->compileChange(Object(Illuminate\\Database\\Schema\\Blueprint), Object(Illuminate\\Support\\Fluent), Object(Illuminate\\Database\\MySqlConnection))
#2 D:\\xampp\\htdocs\\my-jesus\\vendor\\laravel\\framework\\src\\Illuminate\\Database\\Schema\\Blueprint.php(108): Illuminate\\Database\\Schema\\Blueprint->toSql(Object(Illuminate\\Database\\MySqlConnection), Object(Illuminate\\Database\\Schema\\Grammars\\MySqlGrammar))
#3 D:\\xampp\\htdocs\\my-jesus\\vendor\\laravel\\framework\\src\\Illuminate\\Database\\Schema\\Builder.php(364): Illuminate\\Database\\Schema\\Blueprint->build(Object(Illuminate\\Database\\MySqlConnection), Object(Illuminate\\Database\\Schema\\Grammars\\MySqlGrammar))
#4 D:\\xampp\\htdocs\\my-jesus\\vendor\\laravel\\framework\\src\\Illuminate\\Database\\Schema\\Builder.php(211): Illuminate\\Database\\Schema\\Builder->build(Object(Illuminate\\Database\\Schema\\Blueprint))
#5 D:\\xampp\\htdocs\\my-jesus\\vendor\\laravel\\framework\\src\\Illuminate\\Support\\Facades\\Facade.php(261): Illuminate\\Database\\Schema\\Builder->table('keywords', Object(Closure))
#6 D:\\xampp\\htdocs\\my-jesus\\app\\Providers\\AppServiceProvider.php(143): Illuminate\\Support\\Facades\\Facade::__callStatic('table', Array)
#7 D:\\xampp\\htdocs\\my-jesus\\vendor\\laravel\\framework\\src\\Illuminate\\Container\\BoundMethod.php(36): MyJesus\\Providers\\AppServiceProvider->boot()
#8 D:\\xampp\\htdocs\\my-jesus\\vendor\\laravel\\framework\\src\\Illuminate\\Container\\Util.php(40): Illuminate\\Container\\BoundMethod::Illuminate\\Container\\{closure}()
#9 D:\\xampp\\htdocs\\my-jesus\\vendor\\laravel\\framework\\src\\Illuminate\\Container\\BoundMethod.php(93): Illuminate\\Container\\Util::unwrapIfClosure(Object(Closure))
#10 D:\\xampp\\htdocs\\my-jesus\\vendor\\laravel\\framework\\src\\Illuminate\\Container\\BoundMethod.php(37): Illuminate\\Container\\BoundMethod::callBoundMethod(Object(Illuminate\\Foundation\\Application), Array, Object(Closure))
#11 D:\\xampp\\htdocs\\my-jesus\\vendor\\laravel\\framework\\src\\Illuminate\\Container\\Container.php(653): Illuminate\\Container\\BoundMethod::call(Object(Illuminate\\Foundation\\Application), Array, Array, NULL)
#12 D:\\xampp\\htdocs\\my-jesus\\vendor\\laravel\\framework\\src\\Illuminate\\Foundation\\Application.php(924): Illuminate\\Container\\Container->call(Array)
#13 D:\\xampp\\htdocs\\my-jesus\\vendor\\laravel\\framework\\src\\Illuminate\\Foundation\\Application.php(905): Illuminate\\Foundation\\Application->bootProvider(Object(MyJesus\\Providers\\AppServiceProvider))
#14 [internal function]: Illuminate\\Foundation\\Application->Illuminate\\Foundation\\{closure}(Object(MyJesus\\Providers\\AppServiceProvider), 25)
#15 D:\\xampp\\htdocs\\my-jesus\\vendor\\laravel\\framework\\src\\Illuminate\\Foundation\\Application.php(906): array_walk(Array, Object(Closure))
#16 D:\\xampp\\htdocs\\my-jesus\\vendor\\laravel\\framework\\src\\Illuminate\\Foundation\\Bootstrap\\BootProviders.php(17): Illuminate\\Foundation\\Application->boot()
#17 D:\\xampp\\htdocs\\my-jesus\\vendor\\laravel\\framework\\src\\Illuminate\\Foundation\\Application.php(237): Illuminate\\Foundation\\Bootstrap\\BootProviders->bootstrap(Object(Illuminate\\Foundation\\Application))
#18 D:\\xampp\\htdocs\\my-jesus\\vendor\\laravel\\framework\\src\\Illuminate\\Foundation\\Http\\Kernel.php(153): Illuminate\\Foundation\\Application->bootstrapWith(Array)
#19 D:\\xampp\\htdocs\\my-jesus\\vendor\\laravel\\framework\\src\\Illuminate\\Foundation\\Http\\Kernel.php(137): Illuminate\\Foundation\\Http\\Kernel->bootstrap()
#20 D:\\xampp\\htdocs\\my-jesus\\vendor\\laravel\\framework\\src\\Illuminate\\Foundation\\Http\\Kernel.php(111): Illuminate\\Foundation\\Http\\Kernel->sendRequestThroughRouter(Object(Illuminate\\Http\\Request))
#21 D:\\xampp\\htdocs\\my-jesus\\index.php(47): Illuminate\\Foundation\\Http\\Kernel->handle(Object(Illuminate\\Http\\Request))
#22 {main}
"} 
[2022-09-16 06:45:12] local.ERROR: Undefined property: stdClass::$keyword_label {"userId":1,"exception":"[object] (ErrorException(code: 0): Undefined property: stdClass::$keyword_label at D:\\xampp\\htdocs\\my-jesus\\app\\Http\\Controllers\\Admin\\LanguageController.php:316)
[stacktrace]
#0 D:\\xampp\\htdocs\\my-jesus\\app\\Http\\Controllers\\Admin\\LanguageController.php(316): Illuminate\\Foundation\\Bootstrap\\HandleExceptions->handleError(8, 'Undefined prope...', 'D:\\\\xampp\\\\htdocs...', 316, Array)
#1 D:\\xampp\\htdocs\\my-jesus\\vendor\\laravel\\framework\\src\\Illuminate\\Routing\\Controller.php(54): MyJesus\\Http\\Controllers\\Admin\\LanguageController->save_language(Object(Illuminate\\Http\\Request))
#2 D:\\xampp\\htdocs\\my-jesus\\vendor\\laravel\\framework\\src\\Illuminate\\Routing\\ControllerDispatcher.php(45): Illuminate\\Routing\\Controller->callAction('save_language', Array)
#3 D:\\xampp\\htdocs\\my-jesus\\vendor\\laravel\\framework\\src\\Illuminate\\Routing\\Route.php(262): Illuminate\\Routing\\ControllerDispatcher->dispatch(Object(Illuminate\\Routing\\Route), Object(MyJesus\\Http\\Controllers\\Admin\\LanguageController), 'save_language')
#4 D:\\xampp\\htdocs\\my-jesus\\vendor\\laravel\\framework\\src\\Illuminate\\Routing\\Route.php(205): Illuminate\\Routing\\Route->runController()
#5 D:\\xampp\\htdocs\\my-jesus\\vendor\\laravel\\framework\\src\\Illuminate\\Routing\\Router.php(721): Illuminate\\Routing\\Route->run()
#6 D:\\xampp\\htdocs\\my-jesus\\vendor\\laravel\\framework\\src\\Illuminate\\Pipeline\\Pipeline.php(128): Illuminate\\Routing\\Router->Illuminate\\Routing\\{closure}(Object(Illuminate\\Http\\Request))
#7 D:\\xampp\\htdocs\\my-jesus\\app\\Http\\Middleware\\XSS.php(24): Illuminate\\Pipeline\\Pipeline->Illuminate\\Pipeline\\{closure}(Object(Illuminate\\Http\\Request))
#8 D:\\xampp\\htdocs\\my-jesus\\vendor\\laravel\\framework\\src\\Illuminate\\Pipeline\\Pipeline.php(167): MyJesus\\Http\\Middleware\\XSS->handle(Object(Illuminate\\Http\\Request), Object(Closure))
#9 D:\\xampp\\htdocs\\my-jesus\\app\\Http\\Middleware\\IsAdmin.php(19): Illuminate\\Pipeline\\Pipeline->Illuminate\\Pipeline\\{closure}(Object(Illuminate\\Http\\Request))
#10 D:\\xampp\\htdocs\\my-jesus\\vendor\\laravel\\framework\\src\\Illuminate\\Pipeline\\Pipeline.php(167): MyJesus\\Http\\Middleware\\IsAdmin->handle(Object(Illuminate\\Http\\Request), Object(Closure))
#11 D:\\xampp\\htdocs\\my-jesus\\app\\Http\\Middleware\\Localization.php(22): Illuminate\\Pipeline\\Pipeline->Illuminate\\Pipeline\\{closure}(Object(Illuminate\\Http\\Request))
#12 D:\\xampp\\htdocs\\my-jesus\\vendor\\laravel\\framework\\src\\Illuminate\\Pipeline\\Pipeline.php(167): MyJesus\\Http\\Middleware\\Localization->handle(Object(Illuminate\\Http\\Request), Object(Closure))
#13 D:\\xampp\\htdocs\\my-jesus\\vendor\\laravel\\framework\\src\\Illuminate\\Routing\\Middleware\\SubstituteBindings.php(50): Illuminate\\Pipeline\\Pipeline->Illuminate\\Pipeline\\{closure}(Object(Illuminate\\Http\\Request))
#14 D:\\xampp\\htdocs\\my-jesus\\vendor\\laravel\\framework\\src\\Illuminate\\Pipeline\\Pipeline.php(167): Illuminate\\Routing\\Middleware\\SubstituteBindings->handle(Object(Illuminate\\Http\\Request), Object(Closure))
#15 D:\\xampp\\htdocs\\my-jesus\\vendor\\laravel\\framework\\src\\Illuminate\\Auth\\Middleware\\Authenticate.php(44): Illuminate\\Pipeline\\Pipeline->Illuminate\\Pipeline\\{closure}(Object(Illuminate\\Http\\Request))
#16 D:\\xampp\\htdocs\\my-jesus\\vendor\\laravel\\framework\\src\\Illuminate\\Pipeline\\Pipeline.php(167): Illuminate\\Auth\\Middleware\\Authenticate->handle(Object(Illuminate\\Http\\Request), Object(Closure))
#17 D:\\xampp\\htdocs\\my-jesus\\vendor\\laravel\\framework\\src\\Illuminate\\Foundation\\Http\\Middleware\\VerifyCsrfToken.php(78): Illuminate\\Pipeline\\Pipeline->Illuminate\\Pipeline\\{closure}(Object(Illuminate\\Http\\Request))
#18 D:\\xampp\\htdocs\\my-jesus\\vendor\\laravel\\framework\\src\\Illuminate\\Pipeline\\Pipeline.php(167): Illuminate\\Foundation\\Http\\Middleware\\VerifyCsrfToken->handle(Object(Illuminate\\Http\\Request), Object(Closure))
#19 D:\\xampp\\htdocs\\my-jesus\\vendor\\laravel\\framework\\src\\Illuminate\\View\\Middleware\\ShareErrorsFromSession.php(49): Illuminate\\Pipeline\\Pipeline->Illuminate\\Pipeline\\{closure}(Object(Illuminate\\Http\\Request))
#20 D:\\xampp\\htdocs\\my-jesus\\vendor\\laravel\\framework\\src\\Illuminate\\Pipeline\\Pipeline.php(167): Illuminate\\View\\Middleware\\ShareErrorsFromSession->handle(Object(Illuminate\\Http\\Request), Object(Closure))
#21 D:\\xampp\\htdocs\\my-jesus\\vendor\\laravel\\framework\\src\\Illuminate\\Session\\Middleware\\StartSession.php(121): Illuminate\\Pipeline\\Pipeline->Illuminate\\Pipeline\\{closure}(Object(Illuminate\\Http\\Request))
#22 D:\\xampp\\htdocs\\my-jesus\\vendor\\laravel\\framework\\src\\Illuminate\\Session\\Middleware\\StartSession.php(64): Illuminate\\Session\\Middleware\\StartSession->handleStatefulRequest(Object(Illuminate\\Http\\Request), Object(Illuminate\\Session\\Store), Object(Closure))
#23 D:\\xampp\\htdocs\\my-jesus\\vendor\\laravel\\framework\\src\\Illuminate\\Pipeline\\Pipeline.php(167): Illuminate\\Session\\Middleware\\StartSession->handle(Object(Illuminate\\Http\\Request), Object(Closure))
#24 D:\\xampp\\htdocs\\my-jesus\\vendor\\laravel\\framework\\src\\Illuminate\\Cookie\\Middleware\\AddQueuedCookiesToResponse.php(37): Illuminate\\Pipeline\\Pipeline->Illuminate\\Pipeline\\{closure}(Object(Illuminate\\Http\\Request))
#25 D:\\xampp\\htdocs\\my-jesus\\vendor\\laravel\\framework\\src\\Illuminate\\Pipeline\\Pipeline.php(167): Illuminate\\Cookie\\Middleware\\AddQueuedCookiesToResponse->handle(Object(Illuminate\\Http\\Request), Object(Closure))
#26 D:\\xampp\\htdocs\\my-jesus\\vendor\\laravel\\framework\\src\\Illuminate\\Cookie\\Middleware\\EncryptCookies.php(67): Illuminate\\Pipeline\\Pipeline->Illuminate\\Pipeline\\{closure}(Object(Illuminate\\Http\\Request))
#27 D:\\xampp\\htdocs\\my-jesus\\vendor\\laravel\\framework\\src\\Illuminate\\Pipeline\\Pipeline.php(167): Illuminate\\Cookie\\Middleware\\EncryptCookies->handle(Object(Illuminate\\Http\\Request), Object(Closure))
#28 D:\\xampp\\htdocs\\my-jesus\\vendor\\laravel\\framework\\src\\Illuminate\\Pipeline\\Pipeline.php(103): Illuminate\\Pipeline\\Pipeline->Illuminate\\Pipeline\\{closure}(Object(Illuminate\\Http\\Request))
#29 D:\\xampp\\htdocs\\my-jesus\\vendor\\laravel\\framework\\src\\Illuminate\\Routing\\Router.php(723): Illuminate\\Pipeline\\Pipeline->then(Object(Closure))
#30 D:\\xampp\\htdocs\\my-jesus\\vendor\\laravel\\framework\\src\\Illuminate\\Routing\\Router.php(698): Illuminate\\Routing\\Router->runRouteWithinStack(Object(Illuminate\\Routing\\Route), Object(Illuminate\\Http\\Request))
#31 D:\\xampp\\htdocs\\my-jesus\\vendor\\laravel\\framework\\src\\Illuminate\\Routing\\Router.php(662): Illuminate\\Routing\\Router->runRoute(Object(Illuminate\\Http\\Request), Object(Illuminate\\Routing\\Route))
#32 D:\\xampp\\htdocs\\my-jesus\\vendor\\laravel\\framework\\src\\Illuminate\\Routing\\Router.php(651): Illuminate\\Routing\\Router->dispatchToRoute(Object(Illuminate\\Http\\Request))
#33 D:\\xampp\\htdocs\\my-jesus\\vendor\\laravel\\framework\\src\\Illuminate\\Foundation\\Http\\Kernel.php(167): Illuminate\\Routing\\Router->dispatch(Object(Illuminate\\Http\\Request))
#34 D:\\xampp\\htdocs\\my-jesus\\vendor\\laravel\\framework\\src\\Illuminate\\Pipeline\\Pipeline.php(128): Illuminate\\Foundation\\Http\\Kernel->Illuminate\\Foundation\\Http\\{closure}(Object(Illuminate\\Http\\Request))
#35 D:\\xampp\\htdocs\\my-jesus\\vendor\\fideloper\\proxy\\src\\TrustProxies.php(57): Illuminate\\Pipeline\\Pipeline->Illuminate\\Pipeline\\{closure}(Object(Illuminate\\Http\\Request))
#36 D:\\xampp\\htdocs\\my-jesus\\vendor\\laravel\\framework\\src\\Illuminate\\Pipeline\\Pipeline.php(167): Fideloper\\Proxy\\TrustProxies->handle(Object(Illuminate\\Http\\Request), Object(Closure))
#37 D:\\xampp\\htdocs\\my-jesus\\vendor\\laravel\\framework\\src\\Illuminate\\Foundation\\Http\\Middleware\\TransformsRequest.php(21): Illuminate\\Pipeline\\Pipeline->Illuminate\\Pipeline\\{closure}(Object(Illuminate\\Http\\Request))
#38 D:\\xampp\\htdocs\\my-jesus\\vendor\\laravel\\framework\\src\\Illuminate\\Foundation\\Http\\Middleware\\ConvertEmptyStringsToNull.php(31): Illuminate\\Foundation\\Http\\Middleware\\TransformsRequest->handle(Object(Illuminate\\Http\\Request), Object(Closure))
#39 D:\\xampp\\htdocs\\my-jesus\\vendor\\laravel\\framework\\src\\Illuminate\\Pipeline\\Pipeline.php(167): Illuminate\\Foundation\\Http\\Middleware\\ConvertEmptyStringsToNull->handle(Object(Illuminate\\Http\\Request), Object(Closure))
#40 D:\\xampp\\htdocs\\my-jesus\\vendor\\laravel\\framework\\src\\Illuminate\\Foundation\\Http\\Middleware\\TransformsRequest.php(21): Illuminate\\Pipeline\\Pipeline->Illuminate\\Pipeline\\{closure}(Object(Illuminate\\Http\\Request))
#41 D:\\xampp\\htdocs\\my-jesus\\vendor\\laravel\\framework\\src\\Illuminate\\Foundation\\Http\\Middleware\\TrimStrings.php(40): Illuminate\\Foundation\\Http\\Middleware\\TransformsRequest->handle(Object(Illuminate\\Http\\Request), Object(Closure))
#42 D:\\xampp\\htdocs\\my-jesus\\vendor\\laravel\\framework\\src\\Illuminate\\Pipeline\\Pipeline.php(167): Illuminate\\Foundation\\Http\\Middleware\\TrimStrings->handle(Object(Illuminate\\Http\\Request), Object(Closure))
#43 D:\\xampp\\htdocs\\my-jesus\\vendor\\laravel\\framework\\src\\Illuminate\\Foundation\\Http\\Middleware\\ValidatePostSize.php(27): Illuminate\\Pipeline\\Pipeline->Illuminate\\Pipeline\\{closure}(Object(Illuminate\\Http\\Request))
#44 D:\\xampp\\htdocs\\my-jesus\\vendor\\laravel\\framework\\src\\Illuminate\\Pipeline\\Pipeline.php(167): Illuminate\\Foundation\\Http\\Middleware\\ValidatePostSize->handle(Object(Illuminate\\Http\\Request), Object(Closure))
#45 D:\\xampp\\htdocs\\my-jesus\\vendor\\laravel\\framework\\src\\Illuminate\\Foundation\\Http\\Middleware\\PreventRequestsDuringMaintenance.php(86): Illuminate\\Pipeline\\Pipeline->Illuminate\\Pipeline\\{closure}(Object(Illuminate\\Http\\Request))
#46 D:\\xampp\\htdocs\\my-jesus\\vendor\\laravel\\framework\\src\\Illuminate\\Pipeline\\Pipeline.php(167): Illuminate\\Foundation\\Http\\Middleware\\PreventRequestsDuringMaintenance->handle(Object(Illuminate\\Http\\Request), Object(Closure))
#47 D:\\xampp\\htdocs\\my-jesus\\vendor\\laravel\\framework\\src\\Illuminate\\Pipeline\\Pipeline.php(103): Illuminate\\Pipeline\\Pipeline->Illuminate\\Pipeline\\{closure}(Object(Illuminate\\Http\\Request))
#48 D:\\xampp\\htdocs\\my-jesus\\vendor\\laravel\\framework\\src\\Illuminate\\Foundation\\Http\\Kernel.php(142): Illuminate\\Pipeline\\Pipeline->then(Object(Closure))
#49 D:\\xampp\\htdocs\\my-jesus\\vendor\\laravel\\framework\\src\\Illuminate\\Foundation\\Http\\Kernel.php(111): Illuminate\\Foundation\\Http\\Kernel->sendRequestThroughRouter(Object(Illuminate\\Http\\Request))
#50 D:\\xampp\\htdocs\\my-jesus\\index.php(47): Illuminate\\Foundation\\Http\\Kernel->handle(Object(Illuminate\\Http\\Request))
#51 {main}
"} 
[2022-09-16 07:14:15] local.ERROR: Trying to get property 'language_name' of non-object {"exception":"[object] (ErrorException(code: 0): Trying to get property 'language_name' of non-object at D:\\xampp\\htdocs\\my-jesus\\app\\Providers\\AppServiceProvider.php:67)
[stacktrace]
#0 D:\\xampp\\htdocs\\my-jesus\\app\\Providers\\AppServiceProvider.php(67): Illuminate\\Foundation\\Bootstrap\\HandleExceptions->handleError(8, 'Trying to get p...', 'D:\\\\xampp\\\\htdocs...', 67, Array)
#1 D:\\xampp\\htdocs\\my-jesus\\vendor\\laravel\\framework\\src\\Illuminate\\Container\\BoundMethod.php(36): MyJesus\\Providers\\AppServiceProvider->boot()
#2 D:\\xampp\\htdocs\\my-jesus\\vendor\\laravel\\framework\\src\\Illuminate\\Container\\Util.php(40): Illuminate\\Container\\BoundMethod::Illuminate\\Container\\{closure}()
#3 D:\\xampp\\htdocs\\my-jesus\\vendor\\laravel\\framework\\src\\Illuminate\\Container\\BoundMethod.php(93): Illuminate\\Container\\Util::unwrapIfClosure(Object(Closure))
#4 D:\\xampp\\htdocs\\my-jesus\\vendor\\laravel\\framework\\src\\Illuminate\\Container\\BoundMethod.php(37): Illuminate\\Container\\BoundMethod::callBoundMethod(Object(Illuminate\\Foundation\\Application), Array, Object(Closure))
#5 D:\\xampp\\htdocs\\my-jesus\\vendor\\laravel\\framework\\src\\Illuminate\\Container\\Container.php(653): Illuminate\\Container\\BoundMethod::call(Object(Illuminate\\Foundation\\Application), Array, Array, NULL)
#6 D:\\xampp\\htdocs\\my-jesus\\vendor\\laravel\\framework\\src\\Illuminate\\Foundation\\Application.php(924): Illuminate\\Container\\Container->call(Array)
#7 D:\\xampp\\htdocs\\my-jesus\\vendor\\laravel\\framework\\src\\Illuminate\\Foundation\\Application.php(905): Illuminate\\Foundation\\Application->bootProvider(Object(MyJesus\\Providers\\AppServiceProvider))
#8 [internal function]: Illuminate\\Foundation\\Application->Illuminate\\Foundation\\{closure}(Object(MyJesus\\Providers\\AppServiceProvider), 25)
#9 D:\\xampp\\htdocs\\my-jesus\\vendor\\laravel\\framework\\src\\Illuminate\\Foundation\\Application.php(906): array_walk(Array, Object(Closure))
#10 D:\\xampp\\htdocs\\my-jesus\\vendor\\laravel\\framework\\src\\Illuminate\\Foundation\\Bootstrap\\BootProviders.php(17): Illuminate\\Foundation\\Application->boot()
#11 D:\\xampp\\htdocs\\my-jesus\\vendor\\laravel\\framework\\src\\Illuminate\\Foundation\\Application.php(237): Illuminate\\Foundation\\Bootstrap\\BootProviders->bootstrap(Object(Illuminate\\Foundation\\Application))
#12 D:\\xampp\\htdocs\\my-jesus\\vendor\\laravel\\framework\\src\\Illuminate\\Foundation\\Http\\Kernel.php(153): Illuminate\\Foundation\\Application->bootstrapWith(Array)
#13 D:\\xampp\\htdocs\\my-jesus\\vendor\\laravel\\framework\\src\\Illuminate\\Foundation\\Http\\Kernel.php(137): Illuminate\\Foundation\\Http\\Kernel->bootstrap()
#14 D:\\xampp\\htdocs\\my-jesus\\vendor\\laravel\\framework\\src\\Illuminate\\Foundation\\Http\\Kernel.php(111): Illuminate\\Foundation\\Http\\Kernel->sendRequestThroughRouter(Object(Illuminate\\Http\\Request))
#15 D:\\xampp\\htdocs\\my-jesus\\index.php(47): Illuminate\\Foundation\\Http\\Kernel->handle(Object(Illuminate\\Http\\Request))
#16 {main}
"} 
[2022-09-16 07:14:39] local.ERROR: Trying to get property 'language_name' of non-object {"exception":"[object] (ErrorException(code: 0): Trying to get property 'language_name' of non-object at D:\\xampp\\htdocs\\my-jesus\\app\\Providers\\AppServiceProvider.php:67)
[stacktrace]
#0 D:\\xampp\\htdocs\\my-jesus\\app\\Providers\\AppServiceProvider.php(67): Illuminate\\Foundation\\Bootstrap\\HandleExceptions->handleError(8, 'Trying to get p...', 'D:\\\\xampp\\\\htdocs...', 67, Array)
#1 D:\\xampp\\htdocs\\my-jesus\\vendor\\laravel\\framework\\src\\Illuminate\\Container\\BoundMethod.php(36): MyJesus\\Providers\\AppServiceProvider->boot()
#2 D:\\xampp\\htdocs\\my-jesus\\vendor\\laravel\\framework\\src\\Illuminate\\Container\\Util.php(40): Illuminate\\Container\\BoundMethod::Illuminate\\Container\\{closure}()
#3 D:\\xampp\\htdocs\\my-jesus\\vendor\\laravel\\framework\\src\\Illuminate\\Container\\BoundMethod.php(93): Illuminate\\Container\\Util::unwrapIfClosure(Object(Closure))
#4 D:\\xampp\\htdocs\\my-jesus\\vendor\\laravel\\framework\\src\\Illuminate\\Container\\BoundMethod.php(37): Illuminate\\Container\\BoundMethod::callBoundMethod(Object(Illuminate\\Foundation\\Application), Array, Object(Closure))
#5 D:\\xampp\\htdocs\\my-jesus\\vendor\\laravel\\framework\\src\\Illuminate\\Container\\Container.php(653): Illuminate\\Container\\BoundMethod::call(Object(Illuminate\\Foundation\\Application), Array, Array, NULL)
#6 D:\\xampp\\htdocs\\my-jesus\\vendor\\laravel\\framework\\src\\Illuminate\\Foundation\\Application.php(924): Illuminate\\Container\\Container->call(Array)
#7 D:\\xampp\\htdocs\\my-jesus\\vendor\\laravel\\framework\\src\\Illuminate\\Foundation\\Application.php(905): Illuminate\\Foundation\\Application->bootProvider(Object(MyJesus\\Providers\\AppServiceProvider))
#8 [internal function]: Illuminate\\Foundation\\Application->Illuminate\\Foundation\\{closure}(Object(MyJesus\\Providers\\AppServiceProvider), 25)
#9 D:\\xampp\\htdocs\\my-jesus\\vendor\\laravel\\framework\\src\\Illuminate\\Foundation\\Application.php(906): array_walk(Array, Object(Closure))
#10 D:\\xampp\\htdocs\\my-jesus\\vendor\\laravel\\framework\\src\\Illuminate\\Foundation\\Bootstrap\\BootProviders.php(17): Illuminate\\Foundation\\Application->boot()
#11 D:\\xampp\\htdocs\\my-jesus\\vendor\\laravel\\framework\\src\\Illuminate\\Foundation\\Application.php(237): Illuminate\\Foundation\\Bootstrap\\BootProviders->bootstrap(Object(Illuminate\\Foundation\\Application))
#12 D:\\xampp\\htdocs\\my-jesus\\vendor\\laravel\\framework\\src\\Illuminate\\Foundation\\Http\\Kernel.php(153): Illuminate\\Foundation\\Application->bootstrapWith(Array)
#13 D:\\xampp\\htdocs\\my-jesus\\vendor\\laravel\\framework\\src\\Illuminate\\Foundation\\Http\\Kernel.php(137): Illuminate\\Foundation\\Http\\Kernel->bootstrap()
#14 D:\\xampp\\htdocs\\my-jesus\\vendor\\laravel\\framework\\src\\Illuminate\\Foundation\\Http\\Kernel.php(111): Illuminate\\Foundation\\Http\\Kernel->sendRequestThroughRouter(Object(Illuminate\\Http\\Request))
#15 D:\\xampp\\htdocs\\my-jesus\\index.php(47): Illuminate\\Foundation\\Http\\Kernel->handle(Object(Illuminate\\Http\\Request))
#16 {main}
"} 
[2022-09-16 07:14:46] local.ERROR: Trying to get property 'language_name' of non-object {"exception":"[object] (ErrorException(code: 0): Trying to get property 'language_name' of non-object at D:\\xampp\\htdocs\\my-jesus\\app\\Providers\\AppServiceProvider.php:67)
[stacktrace]
#0 D:\\xampp\\htdocs\\my-jesus\\app\\Providers\\AppServiceProvider.php(67): Illuminate\\Foundation\\Bootstrap\\HandleExceptions->handleError(8, 'Trying to get p...', 'D:\\\\xampp\\\\htdocs...', 67, Array)
#1 D:\\xampp\\htdocs\\my-jesus\\vendor\\laravel\\framework\\src\\Illuminate\\Container\\BoundMethod.php(36): MyJesus\\Providers\\AppServiceProvider->boot()
#2 D:\\xampp\\htdocs\\my-jesus\\vendor\\laravel\\framework\\src\\Illuminate\\Container\\Util.php(40): Illuminate\\Container\\BoundMethod::Illuminate\\Container\\{closure}()
#3 D:\\xampp\\htdocs\\my-jesus\\vendor\\laravel\\framework\\src\\Illuminate\\Container\\BoundMethod.php(93): Illuminate\\Container\\Util::unwrapIfClosure(Object(Closure))
#4 D:\\xampp\\htdocs\\my-jesus\\vendor\\laravel\\framework\\src\\Illuminate\\Container\\BoundMethod.php(37): Illuminate\\Container\\BoundMethod::callBoundMethod(Object(Illuminate\\Foundation\\Application), Array, Object(Closure))
#5 D:\\xampp\\htdocs\\my-jesus\\vendor\\laravel\\framework\\src\\Illuminate\\Container\\Container.php(653): Illuminate\\Container\\BoundMethod::call(Object(Illuminate\\Foundation\\Application), Array, Array, NULL)
#6 D:\\xampp\\htdocs\\my-jesus\\vendor\\laravel\\framework\\src\\Illuminate\\Foundation\\Application.php(924): Illuminate\\Container\\Container->call(Array)
#7 D:\\xampp\\htdocs\\my-jesus\\vendor\\laravel\\framework\\src\\Illuminate\\Foundation\\Application.php(905): Illuminate\\Foundation\\Application->bootProvider(Object(MyJesus\\Providers\\AppServiceProvider))
#8 [internal function]: Illuminate\\Foundation\\Application->Illuminate\\Foundation\\{closure}(Object(MyJesus\\Providers\\AppServiceProvider), 25)
#9 D:\\xampp\\htdocs\\my-jesus\\vendor\\laravel\\framework\\src\\Illuminate\\Foundation\\Application.php(906): array_walk(Array, Object(Closure))
#10 D:\\xampp\\htdocs\\my-jesus\\vendor\\laravel\\framework\\src\\Illuminate\\Foundation\\Bootstrap\\BootProviders.php(17): Illuminate\\Foundation\\Application->boot()
#11 D:\\xampp\\htdocs\\my-jesus\\vendor\\laravel\\framework\\src\\Illuminate\\Foundation\\Application.php(237): Illuminate\\Foundation\\Bootstrap\\BootProviders->bootstrap(Object(Illuminate\\Foundation\\Application))
#12 D:\\xampp\\htdocs\\my-jesus\\vendor\\laravel\\framework\\src\\Illuminate\\Foundation\\Http\\Kernel.php(153): Illuminate\\Foundation\\Application->bootstrapWith(Array)
#13 D:\\xampp\\htdocs\\my-jesus\\vendor\\laravel\\framework\\src\\Illuminate\\Foundation\\Http\\Kernel.php(137): Illuminate\\Foundation\\Http\\Kernel->bootstrap()
#14 D:\\xampp\\htdocs\\my-jesus\\vendor\\laravel\\framework\\src\\Illuminate\\Foundation\\Http\\Kernel.php(111): Illuminate\\Foundation\\Http\\Kernel->sendRequestThroughRouter(Object(Illuminate\\Http\\Request))
#15 D:\\xampp\\htdocs\\my-jesus\\index.php(47): Illuminate\\Foundation\\Http\\Kernel->handle(Object(Illuminate\\Http\\Request))
#16 {main}
"} 
[2022-09-16 07:16:58] local.ERROR: Trying to get property 'language_name' of non-object {"exception":"[object] (ErrorException(code: 0): Trying to get property 'language_name' of non-object at D:\\xampp\\htdocs\\my-jesus\\app\\Providers\\AppServiceProvider.php:70)
[stacktrace]
#0 D:\\xampp\\htdocs\\my-jesus\\app\\Providers\\AppServiceProvider.php(70): Illuminate\\Foundation\\Bootstrap\\HandleExceptions->handleError(8, 'Trying to get p...', 'D:\\\\xampp\\\\htdocs...', 70, Array)
#1 D:\\xampp\\htdocs\\my-jesus\\vendor\\laravel\\framework\\src\\Illuminate\\Container\\BoundMethod.php(36): MyJesus\\Providers\\AppServiceProvider->boot()
#2 D:\\xampp\\htdocs\\my-jesus\\vendor\\laravel\\framework\\src\\Illuminate\\Container\\Util.php(40): Illuminate\\Container\\BoundMethod::Illuminate\\Container\\{closure}()
#3 D:\\xampp\\htdocs\\my-jesus\\vendor\\laravel\\framework\\src\\Illuminate\\Container\\BoundMethod.php(93): Illuminate\\Container\\Util::unwrapIfClosure(Object(Closure))
#4 D:\\xampp\\htdocs\\my-jesus\\vendor\\laravel\\framework\\src\\Illuminate\\Container\\BoundMethod.php(37): Illuminate\\Container\\BoundMethod::callBoundMethod(Object(Illuminate\\Foundation\\Application), Array, Object(Closure))
#5 D:\\xampp\\htdocs\\my-jesus\\vendor\\laravel\\framework\\src\\Illuminate\\Container\\Container.php(653): Illuminate\\Container\\BoundMethod::call(Object(Illuminate\\Foundation\\Application), Array, Array, NULL)
#6 D:\\xampp\\htdocs\\my-jesus\\vendor\\laravel\\framework\\src\\Illuminate\\Foundation\\Application.php(924): Illuminate\\Container\\Container->call(Array)
#7 D:\\xampp\\htdocs\\my-jesus\\vendor\\laravel\\framework\\src\\Illuminate\\Foundation\\Application.php(905): Illuminate\\Foundation\\Application->bootProvider(Object(MyJesus\\Providers\\AppServiceProvider))
#8 [internal function]: Illuminate\\Foundation\\Application->Illuminate\\Foundation\\{closure}(Object(MyJesus\\Providers\\AppServiceProvider), 25)
#9 D:\\xampp\\htdocs\\my-jesus\\vendor\\laravel\\framework\\src\\Illuminate\\Foundation\\Application.php(906): array_walk(Array, Object(Closure))
#10 D:\\xampp\\htdocs\\my-jesus\\vendor\\laravel\\framework\\src\\Illuminate\\Foundation\\Bootstrap\\BootProviders.php(17): Illuminate\\Foundation\\Application->boot()
#11 D:\\xampp\\htdocs\\my-jesus\\vendor\\laravel\\framework\\src\\Illuminate\\Foundation\\Application.php(237): Illuminate\\Foundation\\Bootstrap\\BootProviders->bootstrap(Object(Illuminate\\Foundation\\Application))
#12 D:\\xampp\\htdocs\\my-jesus\\vendor\\laravel\\framework\\src\\Illuminate\\Foundation\\Http\\Kernel.php(153): Illuminate\\Foundation\\Application->bootstrapWith(Array)
#13 D:\\xampp\\htdocs\\my-jesus\\vendor\\laravel\\framework\\src\\Illuminate\\Foundation\\Http\\Kernel.php(137): Illuminate\\Foundation\\Http\\Kernel->bootstrap()
#14 D:\\xampp\\htdocs\\my-jesus\\vendor\\laravel\\framework\\src\\Illuminate\\Foundation\\Http\\Kernel.php(111): Illuminate\\Foundation\\Http\\Kernel->sendRequestThroughRouter(Object(Illuminate\\Http\\Request))
#15 D:\\xampp\\htdocs\\my-jesus\\index.php(47): Illuminate\\Foundation\\Http\\Kernel->handle(Object(Illuminate\\Http\\Request))
#16 {main}
"} 
[2022-09-16 07:31:30] local.ERROR: Undefined variable: avilable (View: D:\xampp\htdocs\my-jesus\resources\views\admin\add-keywords.blade.php) {"view":{"view":"D:\\xampp\\htdocs\\my-jesus\\resources\\views/admin/add-keywords.blade.php","data":{"admin":"<pre class=sf-dump id=sf-dump-1518492305 data-indent-pad=\"  \">{<a class=sf-dump-ref>#249</a><samp data-depth=1 class=sf-dump-expanded>
  +\"<span class=sf-dump-public title=\"Runtime added dynamic property\">id</span>\": <span class=sf-dump-num>1</span>
  +\"<span class=sf-dump-public title=\"Runtime added dynamic property\">provider</span>\": <span class=sf-dump-const>null</span>
  +\"<span class=sf-dump-public title=\"Runtime added dynamic property\">provider_id</span>\": <span class=sf-dump-const>null</span>
  +\"<span class=sf-dump-public title=\"Runtime added dynamic property\">name</span>\": \"<span class=sf-dump-str title=\"5 characters\">admin</span>\"
  +\"<span class=sf-dump-public title=\"Runtime added dynamic property\">username</span>\": \"<span class=sf-dump-str title=\"5 characters\">admin</span>\"
  +\"<span class=sf-dump-public title=\"Runtime added dynamic property\">email</span>\": \"<span class=sf-dump-str title=\"15 characters\">admin@admin.com</span>\"
  +\"<span class=sf-dump-public title=\"Runtime added dynamic property\">email_verified_at</span>\": <span class=sf-dump-const>null</span>
  +\"<span class=sf-dump-public title=\"Runtime added dynamic property\">user_type</span>\": \"<span class=sf-dump-str title=\"5 characters\">admin</span>\"
  +\"<span class=sf-dump-public title=\"Runtime added dynamic property\">user_photo</span>\": \"<span class=sf-dump-str title=\"14 characters\">1571653887.png</span>\"
  +\"<span class=sf-dump-public title=\"Runtime added dynamic property\">user_banner</span>\": \"<span class=sf-dump-str title=\"17 characters\">1561461056456.jpg</span>\"
  +\"<span class=sf-dump-public title=\"Runtime added dynamic property\">user_token</span>\": \"<span class=sf-dump-str title=\"25 characters\">wY8wGc5rFLhA57SpAzw7ZP37m</span>\"
  +\"<span class=sf-dump-public title=\"Runtime added dynamic property\">earnings</span>\": <span class=sf-dump-num>188.7</span>
  +\"<span class=sf-dump-public title=\"Runtime added dynamic property\">password</span>\": \"<span class=sf-dump-str title=\"60 characters\">$2y$10$s9xCA0cJEMWtMqsdvkMqkuSi6JQ0xvrg6PKVXq46A7GeeMqm741xW</span>\"
  +\"<span class=sf-dump-public title=\"Runtime added dynamic property\">verified</span>\": <span class=sf-dump-num>1</span>
  +\"<span class=sf-dump-public title=\"Runtime added dynamic property\">remember_token</span>\": <span class=sf-dump-const>null</span>
  +\"<span class=sf-dump-public title=\"Runtime added dynamic property\">created_at</span>\": \"<span class=sf-dump-str title=\"19 characters\">2019-06-17 10:55:51</span>\"
  +\"<span class=sf-dump-public title=\"Runtime added dynamic property\">updated_at</span>\": \"<span class=sf-dump-str title=\"19 characters\">2019-10-21 10:31:27</span>\"
  +\"<span class=sf-dump-public title=\"Runtime added dynamic property\">drop_status</span>\": \"<span class=sf-dump-str title=\"2 characters\">no</span>\"
</samp>}
</pre><script>Sfdump(\"sf-dump-1518492305\", {\"maxDepth\":3,\"maxStringLength\":160})</script>
","allsettings":"<pre class=sf-dump id=sf-dump-1621384803 data-indent-pad=\"  \">{<a class=sf-dump-ref>#254</a><samp data-depth=1 class=sf-dump-expanded>
  +\"<span class=sf-dump-public title=\"Runtime added dynamic property\">sid</span>\": <span class=sf-dump-num>1</span>
  +\"<span class=sf-dump-public title=\"Runtime added dynamic property\">site_title</span>\": \"<span class=sf-dump-str title=\"8 characters\">My Jesus</span>\"
  +\"<span class=sf-dump-public title=\"Runtime added dynamic property\">site_desc</span>\": \"<span class=sf-dump-str title=\"160 characters\">Lorem ipsum dolor sit amet, consectetur adipiscing elit, sed do eiusmod tempor incididunt ut labore et dolore magna aliqua. Ut enim ad minim veniam, quis nostru</span>\"
  +\"<span class=sf-dump-public title=\"Runtime added dynamic property\">site_keywords</span>\": \"<span class=sf-dump-str title=\"160 characters\">Lorem ipsum dolor sit amet, consectetur adipiscing elit, sed do eiusmod tempor incididunt ut labore et dolore magna aliqua. Ut enim ad minim veniam, quis nostru</span>\"
  +\"<span class=sf-dump-public title=\"Runtime added dynamic property\">site_favicon</span>\": \"<span class=sf-dump-str title=\"14 characters\">1571123631.jpg</span>\"
  +\"<span class=sf-dump-public title=\"Runtime added dynamic property\">site_logo</span>\": \"<span class=sf-dump-str title=\"16 characters\">157112223311.png</span>\"
  +\"<span class=sf-dump-public title=\"Runtime added dynamic property\">site_copyright</span>\": \"<span class=sf-dump-str title=\"42 characters\">Copyright &amp;copy; 2019. All Right Reserved.</span>\"
  +\"<span class=sf-dump-public title=\"Runtime added dynamic property\">office_address</span>\": \"<span class=sf-dump-str title=\"40 characters\">8645 Yukon Street Howard Beach, NY 11414</span>\"
  +\"<span class=sf-dump-public title=\"Runtime added dynamic property\">office_email</span>\": \"<span class=sf-dump-str title=\"20 characters\">cibetoh170@ofdow.com</span>\"
  +\"<span class=sf-dump-public title=\"Runtime added dynamic property\">office_phone</span>\": \"<span class=sf-dump-str title=\"10 characters\">9876543210</span>\"
  +\"<span class=sf-dump-public title=\"Runtime added dynamic property\">site_currency_code</span>\": \"<span class=sf-dump-str title=\"3 characters\">USD</span>\"
  +\"<span class=sf-dump-public title=\"Runtime added dynamic property\">site_currency_symbol</span>\": \"<span class=sf-dump-str>$</span>\"
  +\"<span class=sf-dump-public title=\"Runtime added dynamic property\">site_banner</span>\": \"<span class=sf-dump-str title=\"16 characters\">157111853411.jpg</span>\"
  +\"<span class=sf-dump-public title=\"Runtime added dynamic property\">sender_name</span>\": \"<span class=sf-dump-str title=\"9 characters\">codecanor</span>\"
  +\"<span class=sf-dump-public title=\"Runtime added dynamic property\">sender_email</span>\": \"<span class=sf-dump-str title=\"20 characters\">cibetoh170@ofdow.com</span>\"
  +\"<span class=sf-dump-public title=\"Runtime added dynamic property\">site_max_image_size</span>\": <span class=sf-dump-num>2000</span>
  +\"<span class=sf-dump-public title=\"Runtime added dynamic property\">site_max_pdf_size</span>\": <span class=sf-dump-num>3000</span>
  +\"<span class=sf-dump-public title=\"Runtime added dynamic property\">site_max_mp3_size</span>\": <span class=sf-dump-num>3000</span>
  +\"<span class=sf-dump-public title=\"Runtime added dynamic property\">payment_option</span>\": \"<span class=sf-dump-str title=\"13 characters\">paypal,stripe</span>\"
  +\"<span class=sf-dump-public title=\"Runtime added dynamic property\">paypal_email</span>\": \"<span class=sf-dump-str title=\"20 characters\">zujocarper@gmail.com</span>\"
  +\"<span class=sf-dump-public title=\"Runtime added dynamic property\">paypal_mode</span>\": \"<span class=sf-dump-str>0</span>\"
  +\"<span class=sf-dump-public title=\"Runtime added dynamic property\">stripe_mode</span>\": \"<span class=sf-dump-str>0</span>\"
  +\"<span class=sf-dump-public title=\"Runtime added dynamic property\">test_publish_key</span>\": \"<span class=sf-dump-str title=\"42 characters\">pk_test_D8yMUWVq6l2jOw0DzHJTcOW000dhOd4f4V</span>\"
  +\"<span class=sf-dump-public title=\"Runtime added dynamic property\">test_secret_key</span>\": \"<span class=sf-dump-str title=\"42 characters\">sk_test_0wXY1t88lfrcFn3sxeb4nx3I00zgJvwhba</span>\"
  +\"<span class=sf-dump-public title=\"Runtime added dynamic property\">live_publish_key</span>\": \"<span class=sf-dump-str title=\"15 characters\">dfsafdsfsafsdaf</span>\"
  +\"<span class=sf-dump-public title=\"Runtime added dynamic property\">live_secret_key</span>\": \"<span class=sf-dump-str title=\"14 characters\">safsafsafsafdf</span>\"
  +\"<span class=sf-dump-public title=\"Runtime added dynamic property\">facebook_url</span>\": \"<span class=sf-dump-str title=\"20 characters\">https://facebook.com</span>\"
  +\"<span class=sf-dump-public title=\"Runtime added dynamic property\">twitter_url</span>\": \"<span class=sf-dump-str title=\"19 characters\">https://twitter.com</span>\"
  +\"<span class=sf-dump-public title=\"Runtime added dynamic property\">gplus_url</span>\": \"<span class=sf-dump-str title=\"18 characters\">https://google.com</span>\"
  +\"<span class=sf-dump-public title=\"Runtime added dynamic property\">pinterest_url</span>\": \"<span class=sf-dump-str title=\"21 characters\">https://pinterest.com</span>\"
  +\"<span class=sf-dump-public title=\"Runtime added dynamic property\">instagram_url</span>\": \"<span class=sf-dump-str title=\"21 characters\">https://instagram.com</span>\"
  +\"<span class=sf-dump-public title=\"Runtime added dynamic property\">site_about_heading</span>\": \"<span class=sf-dump-str title=\"21 characters\">Welcome To Our Church</span>\"
  +\"<span class=sf-dump-public title=\"Runtime added dynamic property\">site_about_sub_heading</span>\": \"<span class=sf-dump-str title=\"23 characters\">Ut enim ad minim veniam</span>\"
  +\"<span class=sf-dump-public title=\"Runtime added dynamic property\">site_about_desc</span>\": \"\"\"
    <span class=sf-dump-str title=\"932 characters\">Sed ut perspiciatis unde omnis iste natus error sit voluptatem accusantium doloremque laudantium, totam rem aperiam, eaque ipsa quae ab illo inventore veritatis et quasi architecto beatae vitae dicta sunt explicabo. Nemo enim ipsam voluptatem quia voluptas sit aspernatur aut odit aut fugit, sed quia consequuntur magni dolores eos qui ratione voluptatem sequi nesciunt. Neque porro quisquam est, qui dolorem ipsum quia dolor sit amet, consectetur, adipisci velit.<span class=\"sf-dump-default sf-dump-ns\">\\r\\n</span></span>
    <span class=sf-dump-str title=\"932 characters\"><span class=\"sf-dump-default sf-dump-ns\">\\r\\n</span></span>
    <span class=sf-dump-str title=\"932 characters\">Sed ut perspiciatis unde omnis iste natus error sit voluptatem accusantium doloremque laudantium, totam rem aperiam, eaque ipsa quae ab illo inventore veritatis et quasi architecto beatae vitae dicta sunt explicabo. Nemo enim ipsam voluptatem quia voluptas sit aspernatur aut odit aut fugit, sed quia consequuntur magni dolores eos qui ratione voluptatem sequi nesciunt. Neque porro quisquam est, qui dolorem ipsum quia dolor sit amet, consectetur, adipisci velit.</span>
    \"\"\"
  +\"<span class=sf-dump-public title=\"Runtime added dynamic property\">site_about_btntext</span>\": \"<span class=sf-dump-str title=\"9 characters\">Read More</span>\"
  +\"<span class=sf-dump-public title=\"Runtime added dynamic property\">site_about_btnlink</span>\": \"<span class=sf-dump-str title=\"25 characters\">http://localhost/my-jesus</span>\"
  +\"<span class=sf-dump-public title=\"Runtime added dynamic property\">site_about_image</span>\": \"<span class=sf-dump-str title=\"14 characters\">1571217512.jpg</span>\"
  +\"<span class=sf-dump-public title=\"Runtime added dynamic property\">site_footer_text</span>\": \"<span class=sf-dump-str title=\"116 characters\">Consectetur adipisicing elit, sed do eiusmod tempor incididunt ut labore etae magna aliqua. Ut enim ad minim veniam.</span>\"
  +\"<span class=sf-dump-public title=\"Runtime added dynamic property\">site_footer_payment</span>\": \"<span class=sf-dump-str title=\"14 characters\">1566461025.png</span>\"
  +\"<span class=sf-dump-public title=\"Runtime added dynamic property\">site_home_sermons</span>\": <span class=sf-dump-num>3</span>
  +\"<span class=sf-dump-public title=\"Runtime added dynamic property\">site_minimum_donate</span>\": <span class=sf-dump-num>5</span>
  +\"<span class=sf-dump-public title=\"Runtime added dynamic property\">site_event_display</span>\": <span class=sf-dump-num>1</span>
  +\"<span class=sf-dump-public title=\"Runtime added dynamic property\">site_about_display</span>\": <span class=sf-dump-num>1</span>
  +\"<span class=sf-dump-public title=\"Runtime added dynamic property\">site_sermon_display</span>\": <span class=sf-dump-num>1</span>
  +\"<span class=sf-dump-public title=\"Runtime added dynamic property\">site_gallery_display</span>\": <span class=sf-dump-num>1</span>
  +\"<span class=sf-dump-public title=\"Runtime added dynamic property\">site_home_gallery</span>\": <span class=sf-dump-num>6</span>
  +\"<span class=sf-dump-public title=\"Runtime added dynamic property\">site_newsletter_display</span>\": <span class=sf-dump-num>1</span>
  +\"<span class=sf-dump-public title=\"Runtime added dynamic property\">site_theme_color</span>\": \"<span class=sf-dump-str title=\"7 characters\">#8EC92F</span>\"
  +\"<span class=sf-dump-public title=\"Runtime added dynamic property\">site_button_color</span>\": \"<span class=sf-dump-str title=\"7 characters\">#8EC92F</span>\"
  +\"<span class=sf-dump-public title=\"Runtime added dynamic property\">site_button_hover</span>\": \"<span class=sf-dump-str title=\"7 characters\">#454545</span>\"
  +\"<span class=sf-dump-public title=\"Runtime added dynamic property\">site_footer_color</span>\": \"<span class=sf-dump-str title=\"7 characters\">#1E1F26</span>\"
  +\"<span class=sf-dump-public title=\"Runtime added dynamic property\">site_copyright_color</span>\": \"<span class=sf-dump-str title=\"7 characters\">#333641</span>\"
  +\"<span class=sf-dump-public title=\"Runtime added dynamic property\">site_loader_image</span>\": \"<span class=sf-dump-str title=\"18 characters\">15711213516713.gif</span>\"
  +\"<span class=sf-dump-public title=\"Runtime added dynamic property\">site_loader_display</span>\": <span class=sf-dump-num>1</span>
  +\"<span class=sf-dump-public title=\"Runtime added dynamic property\">site_multilanguage</span>\": <span class=sf-dump-num>1</span>
  +\"<span class=sf-dump-public title=\"Runtime added dynamic property\">h1_font</span>\": \"<span class=sf-dump-str title=\"4 characters\">Lato</span>\"
  +\"<span class=sf-dump-public title=\"Runtime added dynamic property\">h2_font</span>\": \"<span class=sf-dump-str title=\"4 characters\">Lato</span>\"
  +\"<span class=sf-dump-public title=\"Runtime added dynamic property\">h3_font</span>\": \"<span class=sf-dump-str title=\"4 characters\">Lato</span>\"
  +\"<span class=sf-dump-public title=\"Runtime added dynamic property\">h4_font</span>\": \"<span class=sf-dump-str title=\"4 characters\">Lato</span>\"
  +\"<span class=sf-dump-public title=\"Runtime added dynamic property\">h5_font</span>\": \"<span class=sf-dump-str title=\"4 characters\">Lato</span>\"
  +\"<span class=sf-dump-public title=\"Runtime added dynamic property\">h6_font</span>\": \"<span class=sf-dump-str title=\"4 characters\">Lato</span>\"
  +\"<span class=sf-dump-public title=\"Runtime added dynamic property\">body_font</span>\": \"<span class=sf-dump-str title=\"4 characters\">Lato</span>\"
  +\"<span class=sf-dump-public title=\"Runtime added dynamic property\">body_font_size</span>\": <span class=sf-dump-num>15</span>
  +\"<span class=sf-dump-public title=\"Runtime added dynamic property\">button_font</span>\": \"<span class=sf-dump-str title=\"4 characters\">Lato</span>\"
  +\"<span class=sf-dump-public title=\"Runtime added dynamic property\">site_sermon_heading</span>\": \"<span class=sf-dump-str title=\"14 characters\">Latest Sermons</span>\"
  +\"<span class=sf-dump-public title=\"Runtime added dynamic property\">site_sermon_sub_heading</span>\": \"<span class=sf-dump-str title=\"24 characters\">Neque porro quisquam est</span>\"
  +\"<span class=sf-dump-public title=\"Runtime added dynamic property\">site_home_sermon_order</span>\": \"<span class=sf-dump-str title=\"3 characters\">asc</span>\"
  +\"<span class=sf-dump-public title=\"Runtime added dynamic property\">site_home_gallery_order</span>\": \"<span class=sf-dump-str title=\"4 characters\">desc</span>\"
  +\"<span class=sf-dump-public title=\"Runtime added dynamic property\">display_shop</span>\": <span class=sf-dump-num>1</span>
  +\"<span class=sf-dump-public title=\"Runtime added dynamic property\">display_events</span>\": <span class=sf-dump-num>1</span>
  +\"<span class=sf-dump-public title=\"Runtime added dynamic property\">display_pastors</span>\": <span class=sf-dump-num>1</span>
  +\"<span class=sf-dump-public title=\"Runtime added dynamic property\">display_sermons</span>\": <span class=sf-dump-num>1</span>
  +\"<span class=sf-dump-public title=\"Runtime added dynamic property\">display_gallery</span>\": <span class=sf-dump-num>1</span>
  +\"<span class=sf-dump-public title=\"Runtime added dynamic property\">display_pages</span>\": <span class=sf-dump-num>1</span>
  +\"<span class=sf-dump-public title=\"Runtime added dynamic property\">display_newsletter</span>\": <span class=sf-dump-num>1</span>
  +\"<span class=sf-dump-public title=\"Runtime added dynamic property\">display_contact</span>\": <span class=sf-dump-num>1</span>
  +\"<span class=sf-dump-public title=\"Runtime added dynamic property\">site_home_product</span>\": <span class=sf-dump-num>4</span>
  +\"<span class=sf-dump-public title=\"Runtime added dynamic property\">site_home_product_order</span>\": \"<span class=sf-dump-str title=\"4 characters\">desc</span>\"
  +\"<span class=sf-dump-public title=\"Runtime added dynamic property\">site_product_display</span>\": <span class=sf-dump-num>1</span>
  +\"<span class=sf-dump-public title=\"Runtime added dynamic property\">site_gallery_heading</span>\": \"<span class=sf-dump-str title=\"11 characters\">Our Gallery</span>\"
  +\"<span class=sf-dump-public title=\"Runtime added dynamic property\">site_gallery_sub_heading</span>\": \"<span class=sf-dump-str title=\"25 characters\">Quis nostrud exercitation</span>\"
  +\"<span class=sf-dump-public title=\"Runtime added dynamic property\">site_product_heading</span>\": \"<span class=sf-dump-str title=\"15 characters\">Recent Products</span>\"
  +\"<span class=sf-dump-public title=\"Runtime added dynamic property\">site_product_sub_heading</span>\": \"<span class=sf-dump-str title=\"20 characters\">Dicta sunt explicabo</span>\"
  +\"<span class=sf-dump-public title=\"Runtime added dynamic property\">site_testimonial_display</span>\": <span class=sf-dump-num>1</span>
  +\"<span class=sf-dump-public title=\"Runtime added dynamic property\">site_testimonial_heading</span>\": \"<span class=sf-dump-str title=\"11 characters\">Testimonial</span>\"
  +\"<span class=sf-dump-public title=\"Runtime added dynamic property\">site_testimonial_sub_heading</span>\": \"<span class=sf-dump-str title=\"25 characters\">Voluptatem sequi nesciunt</span>\"
  +\"<span class=sf-dump-public title=\"Runtime added dynamic property\">site_home_testimonial</span>\": <span class=sf-dump-num>4</span>
  +\"<span class=sf-dump-public title=\"Runtime added dynamic property\">display_blog</span>\": <span class=sf-dump-num>1</span>
  +\"<span class=sf-dump-public title=\"Runtime added dynamic property\">display_testimonial</span>\": <span class=sf-dump-num>1</span>
  +\"<span class=sf-dump-public title=\"Runtime added dynamic property\">mail_driver</span>\": \"<span class=sf-dump-str title=\"4 characters\">mail</span>\"
  +\"<span class=sf-dump-public title=\"Runtime added dynamic property\">mail_port</span>\": \"<span class=sf-dump-str title=\"2 characters\">25</span>\"
  +\"<span class=sf-dump-public title=\"Runtime added dynamic property\">mail_password</span>\": \"\"
  +\"<span class=sf-dump-public title=\"Runtime added dynamic property\">mail_host</span>\": \"<span class=sf-dump-str title=\"16 characters\">mail.mailtrap.io</span>\"
  +\"<span class=sf-dump-public title=\"Runtime added dynamic property\">mail_username</span>\": \"\"
  +\"<span class=sf-dump-public title=\"Runtime added dynamic property\">mail_encryption</span>\": \"\"
  +\"<span class=sf-dump-public title=\"Runtime added dynamic property\">facebook_client_id</span>\": \"<span class=sf-dump-str title=\"17 characters\">24661324324234232</span>\"
  +\"<span class=sf-dump-public title=\"Runtime added dynamic property\">facebook_client_secret</span>\": \"<span class=sf-dump-str title=\"31 characters\">5fd2de273a28f223232423424232432</span>\"
  +\"<span class=sf-dump-public title=\"Runtime added dynamic property\">facebook_callback_url</span>\": \"<span class=sf-dump-str title=\"49 characters\">http://localhost/my-jesus/login/facebook/callback</span>\"
  +\"<span class=sf-dump-public title=\"Runtime added dynamic property\">google_client_id</span>\": \"<span class=sf-dump-str title=\"52 characters\">5464565465454-ups8ho3dria.apps.googleusercontent.com</span>\"
  +\"<span class=sf-dump-public title=\"Runtime added dynamic property\">google_client_secret</span>\": \"<span class=sf-dump-str title=\"25 characters\">fwIUn323232j1-32432423YBe</span>\"
  +\"<span class=sf-dump-public title=\"Runtime added dynamic property\">google_callback_url</span>\": \"<span class=sf-dump-str title=\"47 characters\">http://localhost/my-jesus/login/google/callback</span>\"
  +\"<span class=sf-dump-public title=\"Runtime added dynamic property\">display_social_login</span>\": <span class=sf-dump-num>1</span>
</samp>}
</pre><script>Sfdump(\"sf-dump-1621384803\", {\"maxDepth\":3,\"maxStringLength\":160})</script>
","extrasettings":"<pre class=sf-dump id=sf-dump-477730768 data-indent-pad=\"  \">{<a class=sf-dump-ref>#255</a><samp data-depth=1 class=sf-dump-expanded>
  +\"<span class=sf-dump-public title=\"Runtime added dynamic property\">eid</span>\": <span class=sf-dump-num>1</span>
  +\"<span class=sf-dump-public title=\"Runtime added dynamic property\">site_blog_display</span>\": <span class=sf-dump-num>1</span>
  +\"<span class=sf-dump-public title=\"Runtime added dynamic property\">site_blog_heading</span>\": \"<span class=sf-dump-str title=\"8 characters\">Our Blog</span>\"
  +\"<span class=sf-dump-public title=\"Runtime added dynamic property\">site_blog_sub_heading</span>\": \"<span class=sf-dump-str title=\"15 characters\">Nemo enim ipsam</span>\"
  +\"<span class=sf-dump-public title=\"Runtime added dynamic property\">site_home_blog</span>\": <span class=sf-dump-num>3</span>
  +\"<span class=sf-dump-public title=\"Runtime added dynamic property\">site_home_blog_order</span>\": \"<span class=sf-dump-str title=\"3 characters\">asc</span>\"
  +\"<span class=sf-dump-public title=\"Runtime added dynamic property\">product_per_page</span>\": <span class=sf-dump-num>25</span>
  +\"<span class=sf-dump-public title=\"Runtime added dynamic property\">event_per_page</span>\": <span class=sf-dump-num>25</span>
  +\"<span class=sf-dump-public title=\"Runtime added dynamic property\">pastor_per_page</span>\": <span class=sf-dump-num>25</span>
  +\"<span class=sf-dump-public title=\"Runtime added dynamic property\">sermon_per_page</span>\": <span class=sf-dump-num>25</span>
  +\"<span class=sf-dump-public title=\"Runtime added dynamic property\">blog_per_page</span>\": <span class=sf-dump-num>25</span>
  +\"<span class=sf-dump-public title=\"Runtime added dynamic property\">gallery_per_page</span>\": <span class=sf-dump-num>25</span>
  +\"<span class=sf-dump-public title=\"Runtime added dynamic property\">testimonial_per_page</span>\": <span class=sf-dump-num>25</span>
</samp>}
</pre><script>Sfdump(\"sf-dump-477730768\", {\"maxDepth\":3,\"maxStringLength\":160})</script>
","demo_mode":"<pre class=sf-dump id=sf-dump-1435028598 data-indent-pad=\"  \">\"<span class=sf-dump-str title=\"3 characters\">off</span>\"
</pre><script>Sfdump(\"sf-dump-1435028598\", {\"maxDepth\":3,\"maxStringLength\":160})</script>
","languages":"<pre class=sf-dump id=sf-dump-1737177038 data-indent-pad=\"  \"><span class=sf-dump-note>array:1</span> [<samp data-depth=1 class=sf-dump-expanded>
  \"<span class=sf-dump-key>view</span>\" => <span class=sf-dump-note title=\"Illuminate\\Support\\Collection
\"><span class=\"sf-dump-ellipsis sf-dump-ellipsis-note\">Illuminate\\Support</span><span class=\"sf-dump-ellipsis sf-dump-ellipsis-note\">\\</span>Collection</span> {<a class=sf-dump-ref>#239</a><samp data-depth=2 class=sf-dump-compact>
    #<span class=sf-dump-protected title=\"Protected property\">items</span>: <span class=sf-dump-note>array:4</span> [<samp data-depth=3 class=sf-dump-compact>
      <span class=sf-dump-index>0</span> => {<a class=sf-dump-ref>#253</a> &#8230;7}
      <span class=sf-dump-index>1</span> => {<a class=sf-dump-ref>#257</a> &#8230;7}
      <span class=sf-dump-index>2</span> => {<a class=sf-dump-ref>#259</a> &#8230;7}
      <span class=sf-dump-index>3</span> => {<a class=sf-dump-ref>#261</a> &#8230;7}
    </samp>]
    #<span class=sf-dump-protected title=\"Protected property\">escapeWhenCastingToString</span>: <span class=sf-dump-const>false</span>
  </samp>}
</samp>]
</pre><script>Sfdump(\"sf-dump-1737177038\", {\"maxDepth\":3,\"maxStringLength\":160})</script>
","alllang":"<pre class=sf-dump id=sf-dump-621291444 data-indent-pad=\"  \"><span class=sf-dump-note>array:1</span> [<samp data-depth=1 class=sf-dump-expanded>
  \"<span class=sf-dump-key>data</span>\" => <span class=sf-dump-note title=\"Illuminate\\Support\\Collection
\"><span class=\"sf-dump-ellipsis sf-dump-ellipsis-note\">Illuminate\\Support</span><span class=\"sf-dump-ellipsis sf-dump-ellipsis-note\">\\</span>Collection</span> {<a class=sf-dump-ref>#260</a><samp data-depth=2 class=sf-dump-compact>
    #<span class=sf-dump-protected title=\"Protected property\">items</span>: <span class=sf-dump-note>array:4</span> [<samp data-depth=3 class=sf-dump-compact>
      <span class=sf-dump-index>0</span> => {<a class=sf-dump-ref>#263</a> &#8230;7}
      <span class=sf-dump-index>1</span> => {<a class=sf-dump-ref>#264</a> &#8230;7}
      <span class=sf-dump-index>2</span> => {<a class=sf-dump-ref>#265</a> &#8230;7}
      <span class=sf-dump-index>3</span> => {<a class=sf-dump-ref>#267</a> &#8230;7}
    </samp>]
    #<span class=sf-dump-protected title=\"Protected property\">escapeWhenCastingToString</span>: <span class=sf-dump-const>false</span>
  </samp>}
</samp>]
</pre><script>Sfdump(\"sf-dump-621291444\", {\"maxDepth\":3,\"maxStringLength\":160})</script>
","allpages":"<pre class=sf-dump id=sf-dump-2129385538 data-indent-pad=\"  \"><span class=sf-dump-note>array:1</span> [<samp data-depth=1 class=sf-dump-expanded>
  \"<span class=sf-dump-key>pages</span>\" => <span class=sf-dump-note title=\"Illuminate\\Support\\Collection
\"><span class=\"sf-dump-ellipsis sf-dump-ellipsis-note\">Illuminate\\Support</span><span class=\"sf-dump-ellipsis sf-dump-ellipsis-note\">\\</span>Collection</span> {<a class=sf-dump-ref>#266</a><samp data-depth=2 class=sf-dump-compact>
    #<span class=sf-dump-protected title=\"Protected property\">items</span>: <span class=sf-dump-note>array:1</span> [<samp data-depth=3 class=sf-dump-compact>
      <span class=sf-dump-index>0</span> => {<a class=sf-dump-ref>#269</a> &#8230;8}
    </samp>]
    #<span class=sf-dump-protected title=\"Protected property\">escapeWhenCastingToString</span>: <span class=sf-dump-const>false</span>
  </samp>}
</samp>]
</pre><script>Sfdump(\"sf-dump-2129385538\", {\"maxDepth\":3,\"maxStringLength\":160})</script>
","translate":"<pre class=sf-dump id=sf-dump-52657299 data-indent-pad=\"  \">\"<span class=sf-dump-str title=\"2 characters\">en</span>\"
</pre><script>Sfdump(\"sf-dump-52657299\", {\"maxDepth\":3,\"maxStringLength\":160})</script>
","language_title":"<pre class=sf-dump id=sf-dump-1312080180 data-indent-pad=\"  \">\"<span class=sf-dump-str title=\"7 characters\">English</span>\"
</pre><script>Sfdump(\"sf-dump-1312080180\", {\"maxDepth\":3,\"maxStringLength\":160})</script>
","totalpageCount":"<pre class=sf-dump id=sf-dump-460839966 data-indent-pad=\"  \"><span class=sf-dump-num>4</span>
</pre><script>Sfdump(\"sf-dump-460839966\", {\"maxDepth\":3,\"maxStringLength\":160})</script>
","footerpages":"<pre class=sf-dump id=sf-dump-171028716 data-indent-pad=\"  \"><span class=sf-dump-note>array:1</span> [<samp data-depth=1 class=sf-dump-expanded>
  \"<span class=sf-dump-key>pages</span>\" => <span class=sf-dump-note title=\"Illuminate\\Support\\Collection
\"><span class=\"sf-dump-ellipsis sf-dump-ellipsis-note\">Illuminate\\Support</span><span class=\"sf-dump-ellipsis sf-dump-ellipsis-note\">\\</span>Collection</span> {<a class=sf-dump-ref>#281</a><samp data-depth=2 class=sf-dump-compact>
    #<span class=sf-dump-protected title=\"Protected property\">items</span>: <span class=sf-dump-note>array:3</span> [<samp data-depth=3 class=sf-dump-compact>
      <span class=sf-dump-index>0</span> => {<a class=sf-dump-ref>#278</a> &#8230;8}
      <span class=sf-dump-index>1</span> => {<a class=sf-dump-ref>#277</a> &#8230;8}
      <span class=sf-dump-index>2</span> => {<a class=sf-dump-ref>#279</a> &#8230;8}
    </samp>]
    #<span class=sf-dump-protected title=\"Protected property\">escapeWhenCastingToString</span>: <span class=sf-dump-const>false</span>
  </samp>}
</samp>]
</pre><script>Sfdump(\"sf-dump-171028716\", {\"maxDepth\":3,\"maxStringLength\":160})</script>
","stripe_publish_key":"<pre class=sf-dump id=sf-dump-2126612162 data-indent-pad=\"  \">\"<span class=sf-dump-str title=\"42 characters\">pk_test_D8yMUWVq6l2jOw0DzHJTcOW000dhOd4f4V</span>\"
</pre><script>Sfdump(\"sf-dump-2126612162\", {\"maxDepth\":3,\"maxStringLength\":160})</script>
","stripe_secret_key":"<pre class=sf-dump id=sf-dump-1138176523 data-indent-pad=\"  \">\"<span class=sf-dump-str title=\"42 characters\">sk_test_0wXY1t88lfrcFn3sxeb4nx3I00zgJvwhba</span>\"
</pre><script>Sfdump(\"sf-dump-1138176523\", {\"maxDepth\":3,\"maxStringLength\":160})</script>
","errors":"<pre class=sf-dump id=sf-dump-17905135 data-indent-pad=\"  \"><span class=sf-dump-note>Illuminate\\Support\\ViewErrorBag</span> {<a class=sf-dump-ref>#735</a><samp data-depth=1 class=sf-dump-expanded>
  #<span class=sf-dump-protected title=\"Protected property\">bags</span>: []
</samp>}
</pre><script>Sfdump(\"sf-dump-17905135\", {\"maxDepth\":3,\"maxStringLength\":160})</script>
","view_name":"<pre class=sf-dump id=sf-dump-714364676 data-indent-pad=\"  \">\"<span class=sf-dump-str title=\"18 characters\">admin-add-keywords</span>\"
</pre><script>Sfdump(\"sf-dump-714364676\", {\"maxDepth\":3,\"maxStringLength\":160})</script>
"}},"userId":1,"exception":"[object] (Facade\\Ignition\\Exceptions\\ViewException(code: 0): Undefined variable: avilable (View: D:\\xampp\\htdocs\\my-jesus\\resources\\views\\admin\\add-keywords.blade.php) at D:\\xampp\\htdocs\\my-jesus\\resources\\views/admin/add-keywords.blade.php:19)
[stacktrace]
#0 D:\\xampp\\htdocs\\my-jesus\\resources\\views/admin/add-keywords.blade.php(19): Illuminate\\Foundation\\Bootstrap\\HandleExceptions->handleError(8, 'Undefined varia...', 'D:\\\\xampp\\\\htdocs...', 19, Array)
#1 D:\\xampp\\htdocs\\my-jesus\\vendor\\laravel\\framework\\src\\Illuminate\\Filesystem\\Filesystem.php(107): require('D:\\\\xampp\\\\htdocs...')
#2 D:\\xampp\\htdocs\\my-jesus\\vendor\\laravel\\framework\\src\\Illuminate\\Filesystem\\Filesystem.php(108): Illuminate\\Filesystem\\Filesystem::Illuminate\\Filesystem\\{closure}()
#3 D:\\xampp\\htdocs\\my-jesus\\vendor\\laravel\\framework\\src\\Illuminate\\View\\Engines\\PhpEngine.php(58): Illuminate\\Filesystem\\Filesystem->getRequire('D:\\\\xampp\\\\htdocs...', Array)
#4 D:\\xampp\\htdocs\\my-jesus\\vendor\\laravel\\framework\\src\\Illuminate\\View\\Engines\\CompilerEngine.php(61): Illuminate\\View\\Engines\\PhpEngine->evaluatePath('D:\\\\xampp\\\\htdocs...', Array)
#5 D:\\xampp\\htdocs\\my-jesus\\vendor\\facade\\ignition\\src\\Views\\Engines\\CompilerEngine.php(37): Illuminate\\View\\Engines\\CompilerEngine->get('D:\\\\xampp\\\\htdocs...', Array)
#6 D:\\xampp\\htdocs\\my-jesus\\vendor\\laravel\\framework\\src\\Illuminate\\View\\View.php(139): Facade\\Ignition\\Views\\Engines\\CompilerEngine->get('D:\\\\xampp\\\\htdocs...', Array)
#7 D:\\xampp\\htdocs\\my-jesus\\vendor\\laravel\\framework\\src\\Illuminate\\View\\View.php(122): Illuminate\\View\\View->getContents()
#8 D:\\xampp\\htdocs\\my-jesus\\vendor\\laravel\\framework\\src\\Illuminate\\View\\View.php(91): Illuminate\\View\\View->renderContents()
#9 D:\\xampp\\htdocs\\my-jesus\\vendor\\laravel\\framework\\src\\Illuminate\\Http\\Response.php(69): Illuminate\\View\\View->render()
#10 D:\\xampp\\htdocs\\my-jesus\\vendor\\laravel\\framework\\src\\Illuminate\\Http\\Response.php(35): Illuminate\\Http\\Response->setContent(Object(Illuminate\\View\\View))
#11 D:\\xampp\\htdocs\\my-jesus\\vendor\\laravel\\framework\\src\\Illuminate\\Routing\\Router.php(820): Illuminate\\Http\\Response->__construct(Object(Illuminate\\View\\View), 200, Array)
#12 D:\\xampp\\htdocs\\my-jesus\\vendor\\laravel\\framework\\src\\Illuminate\\Routing\\Router.php(789): Illuminate\\Routing\\Router::toResponse(Object(Illuminate\\Http\\Request), Object(Illuminate\\View\\View))
#13 D:\\xampp\\htdocs\\my-jesus\\vendor\\laravel\\framework\\src\\Illuminate\\Routing\\Router.php(721): Illuminate\\Routing\\Router->prepareResponse(Object(Illuminate\\Http\\Request), Object(Illuminate\\View\\View))
#14 D:\\xampp\\htdocs\\my-jesus\\vendor\\laravel\\framework\\src\\Illuminate\\Pipeline\\Pipeline.php(128): Illuminate\\Routing\\Router->Illuminate\\Routing\\{closure}(Object(Illuminate\\Http\\Request))
#15 D:\\xampp\\htdocs\\my-jesus\\app\\Http\\Middleware\\XSS.php(24): Illuminate\\Pipeline\\Pipeline->Illuminate\\Pipeline\\{closure}(Object(Illuminate\\Http\\Request))
#16 D:\\xampp\\htdocs\\my-jesus\\vendor\\laravel\\framework\\src\\Illuminate\\Pipeline\\Pipeline.php(167): MyJesus\\Http\\Middleware\\XSS->handle(Object(Illuminate\\Http\\Request), Object(Closure))
#17 D:\\xampp\\htdocs\\my-jesus\\app\\Http\\Middleware\\IsAdmin.php(19): Illuminate\\Pipeline\\Pipeline->Illuminate\\Pipeline\\{closure}(Object(Illuminate\\Http\\Request))
#18 D:\\xampp\\htdocs\\my-jesus\\vendor\\laravel\\framework\\src\\Illuminate\\Pipeline\\Pipeline.php(167): MyJesus\\Http\\Middleware\\IsAdmin->handle(Object(Illuminate\\Http\\Request), Object(Closure))
#19 D:\\xampp\\htdocs\\my-jesus\\app\\Http\\Middleware\\Localization.php(22): Illuminate\\Pipeline\\Pipeline->Illuminate\\Pipeline\\{closure}(Object(Illuminate\\Http\\Request))
#20 D:\\xampp\\htdocs\\my-jesus\\vendor\\laravel\\framework\\src\\Illuminate\\Pipeline\\Pipeline.php(167): MyJesus\\Http\\Middleware\\Localization->handle(Object(Illuminate\\Http\\Request), Object(Closure))
#21 D:\\xampp\\htdocs\\my-jesus\\vendor\\laravel\\framework\\src\\Illuminate\\Routing\\Middleware\\SubstituteBindings.php(50): Illuminate\\Pipeline\\Pipeline->Illuminate\\Pipeline\\{closure}(Object(Illuminate\\Http\\Request))
#22 D:\\xampp\\htdocs\\my-jesus\\vendor\\laravel\\framework\\src\\Illuminate\\Pipeline\\Pipeline.php(167): Illuminate\\Routing\\Middleware\\SubstituteBindings->handle(Object(Illuminate\\Http\\Request), Object(Closure))
#23 D:\\xampp\\htdocs\\my-jesus\\vendor\\laravel\\framework\\src\\Illuminate\\Auth\\Middleware\\Authenticate.php(44): Illuminate\\Pipeline\\Pipeline->Illuminate\\Pipeline\\{closure}(Object(Illuminate\\Http\\Request))
#24 D:\\xampp\\htdocs\\my-jesus\\vendor\\laravel\\framework\\src\\Illuminate\\Pipeline\\Pipeline.php(167): Illuminate\\Auth\\Middleware\\Authenticate->handle(Object(Illuminate\\Http\\Request), Object(Closure))
#25 D:\\xampp\\htdocs\\my-jesus\\vendor\\laravel\\framework\\src\\Illuminate\\Foundation\\Http\\Middleware\\VerifyCsrfToken.php(78): Illuminate\\Pipeline\\Pipeline->Illuminate\\Pipeline\\{closure}(Object(Illuminate\\Http\\Request))
#26 D:\\xampp\\htdocs\\my-jesus\\vendor\\laravel\\framework\\src\\Illuminate\\Pipeline\\Pipeline.php(167): Illuminate\\Foundation\\Http\\Middleware\\VerifyCsrfToken->handle(Object(Illuminate\\Http\\Request), Object(Closure))
#27 D:\\xampp\\htdocs\\my-jesus\\vendor\\laravel\\framework\\src\\Illuminate\\View\\Middleware\\ShareErrorsFromSession.php(49): Illuminate\\Pipeline\\Pipeline->Illuminate\\Pipeline\\{closure}(Object(Illuminate\\Http\\Request))
#28 D:\\xampp\\htdocs\\my-jesus\\vendor\\laravel\\framework\\src\\Illuminate\\Pipeline\\Pipeline.php(167): Illuminate\\View\\Middleware\\ShareErrorsFromSession->handle(Object(Illuminate\\Http\\Request), Object(Closure))
#29 D:\\xampp\\htdocs\\my-jesus\\vendor\\laravel\\framework\\src\\Illuminate\\Session\\Middleware\\StartSession.php(121): Illuminate\\Pipeline\\Pipeline->Illuminate\\Pipeline\\{closure}(Object(Illuminate\\Http\\Request))
#30 D:\\xampp\\htdocs\\my-jesus\\vendor\\laravel\\framework\\src\\Illuminate\\Session\\Middleware\\StartSession.php(64): Illuminate\\Session\\Middleware\\StartSession->handleStatefulRequest(Object(Illuminate\\Http\\Request), Object(Illuminate\\Session\\Store), Object(Closure))
#31 D:\\xampp\\htdocs\\my-jesus\\vendor\\laravel\\framework\\src\\Illuminate\\Pipeline\\Pipeline.php(167): Illuminate\\Session\\Middleware\\StartSession->handle(Object(Illuminate\\Http\\Request), Object(Closure))
#32 D:\\xampp\\htdocs\\my-jesus\\vendor\\laravel\\framework\\src\\Illuminate\\Cookie\\Middleware\\AddQueuedCookiesToResponse.php(37): Illuminate\\Pipeline\\Pipeline->Illuminate\\Pipeline\\{closure}(Object(Illuminate\\Http\\Request))
#33 D:\\xampp\\htdocs\\my-jesus\\vendor\\laravel\\framework\\src\\Illuminate\\Pipeline\\Pipeline.php(167): Illuminate\\Cookie\\Middleware\\AddQueuedCookiesToResponse->handle(Object(Illuminate\\Http\\Request), Object(Closure))
#34 D:\\xampp\\htdocs\\my-jesus\\vendor\\laravel\\framework\\src\\Illuminate\\Cookie\\Middleware\\EncryptCookies.php(67): Illuminate\\Pipeline\\Pipeline->Illuminate\\Pipeline\\{closure}(Object(Illuminate\\Http\\Request))
#35 D:\\xampp\\htdocs\\my-jesus\\vendor\\laravel\\framework\\src\\Illuminate\\Pipeline\\Pipeline.php(167): Illuminate\\Cookie\\Middleware\\EncryptCookies->handle(Object(Illuminate\\Http\\Request), Object(Closure))
#36 D:\\xampp\\htdocs\\my-jesus\\vendor\\laravel\\framework\\src\\Illuminate\\Pipeline\\Pipeline.php(103): Illuminate\\Pipeline\\Pipeline->Illuminate\\Pipeline\\{closure}(Object(Illuminate\\Http\\Request))
#37 D:\\xampp\\htdocs\\my-jesus\\vendor\\laravel\\framework\\src\\Illuminate\\Routing\\Router.php(723): Illuminate\\Pipeline\\Pipeline->then(Object(Closure))
#38 D:\\xampp\\htdocs\\my-jesus\\vendor\\laravel\\framework\\src\\Illuminate\\Routing\\Router.php(698): Illuminate\\Routing\\Router->runRouteWithinStack(Object(Illuminate\\Routing\\Route), Object(Illuminate\\Http\\Request))
#39 D:\\xampp\\htdocs\\my-jesus\\vendor\\laravel\\framework\\src\\Illuminate\\Routing\\Router.php(662): Illuminate\\Routing\\Router->runRoute(Object(Illuminate\\Http\\Request), Object(Illuminate\\Routing\\Route))
#40 D:\\xampp\\htdocs\\my-jesus\\vendor\\laravel\\framework\\src\\Illuminate\\Routing\\Router.php(651): Illuminate\\Routing\\Router->dispatchToRoute(Object(Illuminate\\Http\\Request))
#41 D:\\xampp\\htdocs\\my-jesus\\vendor\\laravel\\framework\\src\\Illuminate\\Foundation\\Http\\Kernel.php(167): Illuminate\\Routing\\Router->dispatch(Object(Illuminate\\Http\\Request))
#42 D:\\xampp\\htdocs\\my-jesus\\vendor\\laravel\\framework\\src\\Illuminate\\Pipeline\\Pipeline.php(128): Illuminate\\Foundation\\Http\\Kernel->Illuminate\\Foundation\\Http\\{closure}(Object(Illuminate\\Http\\Request))
#43 D:\\xampp\\htdocs\\my-jesus\\vendor\\fideloper\\proxy\\src\\TrustProxies.php(57): Illuminate\\Pipeline\\Pipeline->Illuminate\\Pipeline\\{closure}(Object(Illuminate\\Http\\Request))
#44 D:\\xampp\\htdocs\\my-jesus\\vendor\\laravel\\framework\\src\\Illuminate\\Pipeline\\Pipeline.php(167): Fideloper\\Proxy\\TrustProxies->handle(Object(Illuminate\\Http\\Request), Object(Closure))
#45 D:\\xampp\\htdocs\\my-jesus\\vendor\\laravel\\framework\\src\\Illuminate\\Foundation\\Http\\Middleware\\TransformsRequest.php(21): Illuminate\\Pipeline\\Pipeline->Illuminate\\Pipeline\\{closure}(Object(Illuminate\\Http\\Request))
#46 D:\\xampp\\htdocs\\my-jesus\\vendor\\laravel\\framework\\src\\Illuminate\\Foundation\\Http\\Middleware\\ConvertEmptyStringsToNull.php(31): Illuminate\\Foundation\\Http\\Middleware\\TransformsRequest->handle(Object(Illuminate\\Http\\Request), Object(Closure))
#47 D:\\xampp\\htdocs\\my-jesus\\vendor\\laravel\\framework\\src\\Illuminate\\Pipeline\\Pipeline.php(167): Illuminate\\Foundation\\Http\\Middleware\\ConvertEmptyStringsToNull->handle(Object(Illuminate\\Http\\Request), Object(Closure))
#48 D:\\xampp\\htdocs\\my-jesus\\vendor\\laravel\\framework\\src\\Illuminate\\Foundation\\Http\\Middleware\\TransformsRequest.php(21): Illuminate\\Pipeline\\Pipeline->Illuminate\\Pipeline\\{closure}(Object(Illuminate\\Http\\Request))
#49 D:\\xampp\\htdocs\\my-jesus\\vendor\\laravel\\framework\\src\\Illuminate\\Foundation\\Http\\Middleware\\TrimStrings.php(40): Illuminate\\Foundation\\Http\\Middleware\\TransformsRequest->handle(Object(Illuminate\\Http\\Request), Object(Closure))
#50 D:\\xampp\\htdocs\\my-jesus\\vendor\\laravel\\framework\\src\\Illuminate\\Pipeline\\Pipeline.php(167): Illuminate\\Foundation\\Http\\Middleware\\TrimStrings->handle(Object(Illuminate\\Http\\Request), Object(Closure))
#51 D:\\xampp\\htdocs\\my-jesus\\vendor\\laravel\\framework\\src\\Illuminate\\Foundation\\Http\\Middleware\\ValidatePostSize.php(27): Illuminate\\Pipeline\\Pipeline->Illuminate\\Pipeline\\{closure}(Object(Illuminate\\Http\\Request))
#52 D:\\xampp\\htdocs\\my-jesus\\vendor\\laravel\\framework\\src\\Illuminate\\Pipeline\\Pipeline.php(167): Illuminate\\Foundation\\Http\\Middleware\\ValidatePostSize->handle(Object(Illuminate\\Http\\Request), Object(Closure))
#53 D:\\xampp\\htdocs\\my-jesus\\vendor\\laravel\\framework\\src\\Illuminate\\Foundation\\Http\\Middleware\\PreventRequestsDuringMaintenance.php(86): Illuminate\\Pipeline\\Pipeline->Illuminate\\Pipeline\\{closure}(Object(Illuminate\\Http\\Request))
#54 D:\\xampp\\htdocs\\my-jesus\\vendor\\laravel\\framework\\src\\Illuminate\\Pipeline\\Pipeline.php(167): Illuminate\\Foundation\\Http\\Middleware\\PreventRequestsDuringMaintenance->handle(Object(Illuminate\\Http\\Request), Object(Closure))
#55 D:\\xampp\\htdocs\\my-jesus\\vendor\\laravel\\framework\\src\\Illuminate\\Pipeline\\Pipeline.php(103): Illuminate\\Pipeline\\Pipeline->Illuminate\\Pipeline\\{closure}(Object(Illuminate\\Http\\Request))
#56 D:\\xampp\\htdocs\\my-jesus\\vendor\\laravel\\framework\\src\\Illuminate\\Foundation\\Http\\Kernel.php(142): Illuminate\\Pipeline\\Pipeline->then(Object(Closure))
#57 D:\\xampp\\htdocs\\my-jesus\\vendor\\laravel\\framework\\src\\Illuminate\\Foundation\\Http\\Kernel.php(111): Illuminate\\Foundation\\Http\\Kernel->sendRequestThroughRouter(Object(Illuminate\\Http\\Request))
#58 D:\\xampp\\htdocs\\my-jesus\\index.php(47): Illuminate\\Foundation\\Http\\Kernel->handle(Object(Illuminate\\Http\\Request))
#59 {main}

[previous exception] [object] (ErrorException(code: 0): Undefined variable: avilable at D:\\xampp\\htdocs\\my-jesus\\storage\\framework\\views\\a68fb6ed7f7947381d579a6c406a25f1f9ee3a57.php:19)
[stacktrace]
#0 D:\\xampp\\htdocs\\my-jesus\\storage\\framework\\views\\a68fb6ed7f7947381d579a6c406a25f1f9ee3a57.php(19): Illuminate\\Foundation\\Bootstrap\\HandleExceptions->handleError(8, 'Undefined varia...', 'D:\\\\xampp\\\\htdocs...', 19, Array)
#1 D:\\xampp\\htdocs\\my-jesus\\vendor\\laravel\\framework\\src\\Illuminate\\Filesystem\\Filesystem.php(107): require('D:\\\\xampp\\\\htdocs...')
#2 D:\\xampp\\htdocs\\my-jesus\\vendor\\laravel\\framework\\src\\Illuminate\\Filesystem\\Filesystem.php(108): Illuminate\\Filesystem\\Filesystem::Illuminate\\Filesystem\\{closure}()
#3 D:\\xampp\\htdocs\\my-jesus\\vendor\\laravel\\framework\\src\\Illuminate\\View\\Engines\\PhpEngine.php(58): Illuminate\\Filesystem\\Filesystem->getRequire('D:\\\\xampp\\\\htdocs...', Array)
#4 D:\\xampp\\htdocs\\my-jesus\\vendor\\laravel\\framework\\src\\Illuminate\\View\\Engines\\CompilerEngine.php(61): Illuminate\\View\\Engines\\PhpEngine->evaluatePath('D:\\\\xampp\\\\htdocs...', Array)
#5 D:\\xampp\\htdocs\\my-jesus\\vendor\\facade\\ignition\\src\\Views\\Engines\\CompilerEngine.php(37): Illuminate\\View\\Engines\\CompilerEngine->get('D:\\\\xampp\\\\htdocs...', Array)
#6 D:\\xampp\\htdocs\\my-jesus\\vendor\\laravel\\framework\\src\\Illuminate\\View\\View.php(139): Facade\\Ignition\\Views\\Engines\\CompilerEngine->get('D:\\\\xampp\\\\htdocs...', Array)
#7 D:\\xampp\\htdocs\\my-jesus\\vendor\\laravel\\framework\\src\\Illuminate\\View\\View.php(122): Illuminate\\View\\View->getContents()
#8 D:\\xampp\\htdocs\\my-jesus\\vendor\\laravel\\framework\\src\\Illuminate\\View\\View.php(91): Illuminate\\View\\View->renderContents()
#9 D:\\xampp\\htdocs\\my-jesus\\vendor\\laravel\\framework\\src\\Illuminate\\Http\\Response.php(69): Illuminate\\View\\View->render()
#10 D:\\xampp\\htdocs\\my-jesus\\vendor\\laravel\\framework\\src\\Illuminate\\Http\\Response.php(35): Illuminate\\Http\\Response->setContent(Object(Illuminate\\View\\View))
#11 D:\\xampp\\htdocs\\my-jesus\\vendor\\laravel\\framework\\src\\Illuminate\\Routing\\Router.php(820): Illuminate\\Http\\Response->__construct(Object(Illuminate\\View\\View), 200, Array)
#12 D:\\xampp\\htdocs\\my-jesus\\vendor\\laravel\\framework\\src\\Illuminate\\Routing\\Router.php(789): Illuminate\\Routing\\Router::toResponse(Object(Illuminate\\Http\\Request), Object(Illuminate\\View\\View))
#13 D:\\xampp\\htdocs\\my-jesus\\vendor\\laravel\\framework\\src\\Illuminate\\Routing\\Router.php(721): Illuminate\\Routing\\Router->prepareResponse(Object(Illuminate\\Http\\Request), Object(Illuminate\\View\\View))
#14 D:\\xampp\\htdocs\\my-jesus\\vendor\\laravel\\framework\\src\\Illuminate\\Pipeline\\Pipeline.php(128): Illuminate\\Routing\\Router->Illuminate\\Routing\\{closure}(Object(Illuminate\\Http\\Request))
#15 D:\\xampp\\htdocs\\my-jesus\\app\\Http\\Middleware\\XSS.php(24): Illuminate\\Pipeline\\Pipeline->Illuminate\\Pipeline\\{closure}(Object(Illuminate\\Http\\Request))
#16 D:\\xampp\\htdocs\\my-jesus\\vendor\\laravel\\framework\\src\\Illuminate\\Pipeline\\Pipeline.php(167): MyJesus\\Http\\Middleware\\XSS->handle(Object(Illuminate\\Http\\Request), Object(Closure))
#17 D:\\xampp\\htdocs\\my-jesus\\app\\Http\\Middleware\\IsAdmin.php(19): Illuminate\\Pipeline\\Pipeline->Illuminate\\Pipeline\\{closure}(Object(Illuminate\\Http\\Request))
#18 D:\\xampp\\htdocs\\my-jesus\\vendor\\laravel\\framework\\src\\Illuminate\\Pipeline\\Pipeline.php(167): MyJesus\\Http\\Middleware\\IsAdmin->handle(Object(Illuminate\\Http\\Request), Object(Closure))
#19 D:\\xampp\\htdocs\\my-jesus\\app\\Http\\Middleware\\Localization.php(22): Illuminate\\Pipeline\\Pipeline->Illuminate\\Pipeline\\{closure}(Object(Illuminate\\Http\\Request))
#20 D:\\xampp\\htdocs\\my-jesus\\vendor\\laravel\\framework\\src\\Illuminate\\Pipeline\\Pipeline.php(167): MyJesus\\Http\\Middleware\\Localization->handle(Object(Illuminate\\Http\\Request), Object(Closure))
#21 D:\\xampp\\htdocs\\my-jesus\\vendor\\laravel\\framework\\src\\Illuminate\\Routing\\Middleware\\SubstituteBindings.php(50): Illuminate\\Pipeline\\Pipeline->Illuminate\\Pipeline\\{closure}(Object(Illuminate\\Http\\Request))
#22 D:\\xampp\\htdocs\\my-jesus\\vendor\\laravel\\framework\\src\\Illuminate\\Pipeline\\Pipeline.php(167): Illuminate\\Routing\\Middleware\\SubstituteBindings->handle(Object(Illuminate\\Http\\Request), Object(Closure))
#23 D:\\xampp\\htdocs\\my-jesus\\vendor\\laravel\\framework\\src\\Illuminate\\Auth\\Middleware\\Authenticate.php(44): Illuminate\\Pipeline\\Pipeline->Illuminate\\Pipeline\\{closure}(Object(Illuminate\\Http\\Request))
#24 D:\\xampp\\htdocs\\my-jesus\\vendor\\laravel\\framework\\src\\Illuminate\\Pipeline\\Pipeline.php(167): Illuminate\\Auth\\Middleware\\Authenticate->handle(Object(Illuminate\\Http\\Request), Object(Closure))
#25 D:\\xampp\\htdocs\\my-jesus\\vendor\\laravel\\framework\\src\\Illuminate\\Foundation\\Http\\Middleware\\VerifyCsrfToken.php(78): Illuminate\\Pipeline\\Pipeline->Illuminate\\Pipeline\\{closure}(Object(Illuminate\\Http\\Request))
#26 D:\\xampp\\htdocs\\my-jesus\\vendor\\laravel\\framework\\src\\Illuminate\\Pipeline\\Pipeline.php(167): Illuminate\\Foundation\\Http\\Middleware\\VerifyCsrfToken->handle(Object(Illuminate\\Http\\Request), Object(Closure))
#27 D:\\xampp\\htdocs\\my-jesus\\vendor\\laravel\\framework\\src\\Illuminate\\View\\Middleware\\ShareErrorsFromSession.php(49): Illuminate\\Pipeline\\Pipeline->Illuminate\\Pipeline\\{closure}(Object(Illuminate\\Http\\Request))
#28 D:\\xampp\\htdocs\\my-jesus\\vendor\\laravel\\framework\\src\\Illuminate\\Pipeline\\Pipeline.php(167): Illuminate\\View\\Middleware\\ShareErrorsFromSession->handle(Object(Illuminate\\Http\\Request), Object(Closure))
#29 D:\\xampp\\htdocs\\my-jesus\\vendor\\laravel\\framework\\src\\Illuminate\\Session\\Middleware\\StartSession.php(121): Illuminate\\Pipeline\\Pipeline->Illuminate\\Pipeline\\{closure}(Object(Illuminate\\Http\\Request))
#30 D:\\xampp\\htdocs\\my-jesus\\vendor\\laravel\\framework\\src\\Illuminate\\Session\\Middleware\\StartSession.php(64): Illuminate\\Session\\Middleware\\StartSession->handleStatefulRequest(Object(Illuminate\\Http\\Request), Object(Illuminate\\Session\\Store), Object(Closure))
#31 D:\\xampp\\htdocs\\my-jesus\\vendor\\laravel\\framework\\src\\Illuminate\\Pipeline\\Pipeline.php(167): Illuminate\\Session\\Middleware\\StartSession->handle(Object(Illuminate\\Http\\Request), Object(Closure))
#32 D:\\xampp\\htdocs\\my-jesus\\vendor\\laravel\\framework\\src\\Illuminate\\Cookie\\Middleware\\AddQueuedCookiesToResponse.php(37): Illuminate\\Pipeline\\Pipeline->Illuminate\\Pipeline\\{closure}(Object(Illuminate\\Http\\Request))
#33 D:\\xampp\\htdocs\\my-jesus\\vendor\\laravel\\framework\\src\\Illuminate\\Pipeline\\Pipeline.php(167): Illuminate\\Cookie\\Middleware\\AddQueuedCookiesToResponse->handle(Object(Illuminate\\Http\\Request), Object(Closure))
#34 D:\\xampp\\htdocs\\my-jesus\\vendor\\laravel\\framework\\src\\Illuminate\\Cookie\\Middleware\\EncryptCookies.php(67): Illuminate\\Pipeline\\Pipeline->Illuminate\\Pipeline\\{closure}(Object(Illuminate\\Http\\Request))
#35 D:\\xampp\\htdocs\\my-jesus\\vendor\\laravel\\framework\\src\\Illuminate\\Pipeline\\Pipeline.php(167): Illuminate\\Cookie\\Middleware\\EncryptCookies->handle(Object(Illuminate\\Http\\Request), Object(Closure))
#36 D:\\xampp\\htdocs\\my-jesus\\vendor\\laravel\\framework\\src\\Illuminate\\Pipeline\\Pipeline.php(103): Illuminate\\Pipeline\\Pipeline->Illuminate\\Pipeline\\{closure}(Object(Illuminate\\Http\\Request))
#37 D:\\xampp\\htdocs\\my-jesus\\vendor\\laravel\\framework\\src\\Illuminate\\Routing\\Router.php(723): Illuminate\\Pipeline\\Pipeline->then(Object(Closure))
#38 D:\\xampp\\htdocs\\my-jesus\\vendor\\laravel\\framework\\src\\Illuminate\\Routing\\Router.php(698): Illuminate\\Routing\\Router->runRouteWithinStack(Object(Illuminate\\Routing\\Route), Object(Illuminate\\Http\\Request))
#39 D:\\xampp\\htdocs\\my-jesus\\vendor\\laravel\\framework\\src\\Illuminate\\Routing\\Router.php(662): Illuminate\\Routing\\Router->runRoute(Object(Illuminate\\Http\\Request), Object(Illuminate\\Routing\\Route))
#40 D:\\xampp\\htdocs\\my-jesus\\vendor\\laravel\\framework\\src\\Illuminate\\Routing\\Router.php(651): Illuminate\\Routing\\Router->dispatchToRoute(Object(Illuminate\\Http\\Request))
#41 D:\\xampp\\htdocs\\my-jesus\\vendor\\laravel\\framework\\src\\Illuminate\\Foundation\\Http\\Kernel.php(167): Illuminate\\Routing\\Router->dispatch(Object(Illuminate\\Http\\Request))
#42 D:\\xampp\\htdocs\\my-jesus\\vendor\\laravel\\framework\\src\\Illuminate\\Pipeline\\Pipeline.php(128): Illuminate\\Foundation\\Http\\Kernel->Illuminate\\Foundation\\Http\\{closure}(Object(Illuminate\\Http\\Request))
#43 D:\\xampp\\htdocs\\my-jesus\\vendor\\fideloper\\proxy\\src\\TrustProxies.php(57): Illuminate\\Pipeline\\Pipeline->Illuminate\\Pipeline\\{closure}(Object(Illuminate\\Http\\Request))
#44 D:\\xampp\\htdocs\\my-jesus\\vendor\\laravel\\framework\\src\\Illuminate\\Pipeline\\Pipeline.php(167): Fideloper\\Proxy\\TrustProxies->handle(Object(Illuminate\\Http\\Request), Object(Closure))
#45 D:\\xampp\\htdocs\\my-jesus\\vendor\\laravel\\framework\\src\\Illuminate\\Foundation\\Http\\Middleware\\TransformsRequest.php(21): Illuminate\\Pipeline\\Pipeline->Illuminate\\Pipeline\\{closure}(Object(Illuminate\\Http\\Request))
#46 D:\\xampp\\htdocs\\my-jesus\\vendor\\laravel\\framework\\src\\Illuminate\\Foundation\\Http\\Middleware\\ConvertEmptyStringsToNull.php(31): Illuminate\\Foundation\\Http\\Middleware\\TransformsRequest->handle(Object(Illuminate\\Http\\Request), Object(Closure))
#47 D:\\xampp\\htdocs\\my-jesus\\vendor\\laravel\\framework\\src\\Illuminate\\Pipeline\\Pipeline.php(167): Illuminate\\Foundation\\Http\\Middleware\\ConvertEmptyStringsToNull->handle(Object(Illuminate\\Http\\Request), Object(Closure))
#48 D:\\xampp\\htdocs\\my-jesus\\vendor\\laravel\\framework\\src\\Illuminate\\Foundation\\Http\\Middleware\\TransformsRequest.php(21): Illuminate\\Pipeline\\Pipeline->Illuminate\\Pipeline\\{closure}(Object(Illuminate\\Http\\Request))
#49 D:\\xampp\\htdocs\\my-jesus\\vendor\\laravel\\framework\\src\\Illuminate\\Foundation\\Http\\Middleware\\TrimStrings.php(40): Illuminate\\Foundation\\Http\\Middleware\\TransformsRequest->handle(Object(Illuminate\\Http\\Request), Object(Closure))
#50 D:\\xampp\\htdocs\\my-jesus\\vendor\\laravel\\framework\\src\\Illuminate\\Pipeline\\Pipeline.php(167): Illuminate\\Foundation\\Http\\Middleware\\TrimStrings->handle(Object(Illuminate\\Http\\Request), Object(Closure))
#51 D:\\xampp\\htdocs\\my-jesus\\vendor\\laravel\\framework\\src\\Illuminate\\Foundation\\Http\\Middleware\\ValidatePostSize.php(27): Illuminate\\Pipeline\\Pipeline->Illuminate\\Pipeline\\{closure}(Object(Illuminate\\Http\\Request))
#52 D:\\xampp\\htdocs\\my-jesus\\vendor\\laravel\\framework\\src\\Illuminate\\Pipeline\\Pipeline.php(167): Illuminate\\Foundation\\Http\\Middleware\\ValidatePostSize->handle(Object(Illuminate\\Http\\Request), Object(Closure))
#53 D:\\xampp\\htdocs\\my-jesus\\vendor\\laravel\\framework\\src\\Illuminate\\Foundation\\Http\\Middleware\\PreventRequestsDuringMaintenance.php(86): Illuminate\\Pipeline\\Pipeline->Illuminate\\Pipeline\\{closure}(Object(Illuminate\\Http\\Request))
#54 D:\\xampp\\htdocs\\my-jesus\\vendor\\laravel\\framework\\src\\Illuminate\\Pipeline\\Pipeline.php(167): Illuminate\\Foundation\\Http\\Middleware\\PreventRequestsDuringMaintenance->handle(Object(Illuminate\\Http\\Request), Object(Closure))
#55 D:\\xampp\\htdocs\\my-jesus\\vendor\\laravel\\framework\\src\\Illuminate\\Pipeline\\Pipeline.php(103): Illuminate\\Pipeline\\Pipeline->Illuminate\\Pipeline\\{closure}(Object(Illuminate\\Http\\Request))
#56 D:\\xampp\\htdocs\\my-jesus\\vendor\\laravel\\framework\\src\\Illuminate\\Foundation\\Http\\Kernel.php(142): Illuminate\\Pipeline\\Pipeline->then(Object(Closure))
#57 D:\\xampp\\htdocs\\my-jesus\\vendor\\laravel\\framework\\src\\Illuminate\\Foundation\\Http\\Kernel.php(111): Illuminate\\Foundation\\Http\\Kernel->sendRequestThroughRouter(Object(Illuminate\\Http\\Request))
#58 D:\\xampp\\htdocs\\my-jesus\\index.php(47): Illuminate\\Foundation\\Http\\Kernel->handle(Object(Illuminate\\Http\\Request))
#59 {main}
"} 
