[2020-11-28 11:50:51] local.ERROR: The payload is invalid. {"exception":"[object] (Illuminate\\Contracts\\Encryption\\DecryptException(code: 0): The payload is invalid. at D:\\xampp\\htdocs\\my-jesus\\vendor\\laravel\\framework\\src\\Illuminate\\Encryption\\Encrypter.php:195)
[stacktrace]
#0 D:\\xampp\\htdocs\\my-jesus\\vendor\\laravel\\framework\\src\\Illuminate\\Encryption\\Encrypter.php(136): Illuminate\\Encryption\\Encrypter->getJsonPayload(NULL)
#1 D:\\xampp\\htdocs\\my-jesus\\vendor\\laravel\\framework\\src\\Illuminate\\Support\\Facades\\Facade.php(239): Illuminate\\Encryption\\Encrypter->decrypt('en', false)
#2 D:\\xampp\\htdocs\\my-jesus\\app\\Providers\\AppServiceProvider.php(68): Illuminate\\Support\\Facades\\Facade::__callStatic('decrypt', Array)
#3 [internal function]: MyJesus\\Providers\\AppServiceProvider->boot()
#4 D:\\xampp\\htdocs\\my-jesus\\vendor\\laravel\\framework\\src\\Illuminate\\Container\\BoundMethod.php(32): call_user_func_array(Array, Array)
#5 D:\\xampp\\htdocs\\my-jesus\\vendor\\laravel\\framework\\src\\Illuminate\\Container\\BoundMethod.php(90): Illuminate\\Container\\BoundMethod::Illuminate\\Container\\{closure}()
#6 D:\\xampp\\htdocs\\my-jesus\\vendor\\laravel\\framework\\src\\Illuminate\\Container\\BoundMethod.php(34): Illuminate\\Container\\BoundMethod::callBoundMethod(Object(Illuminate\\Foundation\\Application), Array, Object(Closure))
#7 D:\\xampp\\htdocs\\my-jesus\\vendor\\laravel\\framework\\src\\Illuminate\\Container\\Container.php(576): Illuminate\\Container\\BoundMethod::call(Object(Illuminate\\Foundation\\Application), Array, Array, NULL)
#8 D:\\xampp\\htdocs\\my-jesus\\vendor\\laravel\\framework\\src\\Illuminate\\Foundation\\Application.php(827): Illuminate\\Container\\Container->call(Array)
#9 D:\\xampp\\htdocs\\my-jesus\\vendor\\laravel\\framework\\src\\Illuminate\\Foundation\\Application.php(810): Illuminate\\Foundation\\Application->bootProvider(Object(MyJesus\\Providers\\AppServiceProvider))
#10 [internal function]: Illuminate\\Foundation\\Application->Illuminate\\Foundation\\{closure}(Object(MyJesus\\Providers\\AppServiceProvider), 20)
#11 D:\\xampp\\htdocs\\my-jesus\\vendor\\laravel\\framework\\src\\Illuminate\\Foundation\\Application.php(811): array_walk(Array, Object(Closure))
#12 D:\\xampp\\htdocs\\my-jesus\\vendor\\laravel\\framework\\src\\Illuminate\\Foundation\\Bootstrap\\BootProviders.php(17): Illuminate\\Foundation\\Application->boot()
#13 D:\\xampp\\htdocs\\my-jesus\\vendor\\laravel\\framework\\src\\Illuminate\\Foundation\\Application.php(210): Illuminate\\Foundation\\Bootstrap\\BootProviders->bootstrap(Object(Illuminate\\Foundation\\Application))
#14 D:\\xampp\\htdocs\\my-jesus\\vendor\\laravel\\framework\\src\\Illuminate\\Foundation\\Http\\Kernel.php(162): Illuminate\\Foundation\\Application->bootstrapWith(Array)
#15 D:\\xampp\\htdocs\\my-jesus\\vendor\\laravel\\framework\\src\\Illuminate\\Foundation\\Http\\Kernel.php(146): Illuminate\\Foundation\\Http\\Kernel->bootstrap()
#16 D:\\xampp\\htdocs\\my-jesus\\vendor\\laravel\\framework\\src\\Illuminate\\Foundation\\Http\\Kernel.php(116): Illuminate\\Foundation\\Http\\Kernel->sendRequestThroughRouter(Object(Illuminate\\Http\\Request))
#17 D:\\xampp\\htdocs\\my-jesus\\index.php(47): Illuminate\\Foundation\\Http\\Kernel->handle(Object(Illuminate\\Http\\Request))
#18 {main}
"} 
[2020-11-28 11:51:05] local.ERROR: The payload is invalid. {"exception":"[object] (Illuminate\\Contracts\\Encryption\\DecryptException(code: 0): The payload is invalid. at D:\\xampp\\htdocs\\my-jesus\\vendor\\laravel\\framework\\src\\Illuminate\\Encryption\\Encrypter.php:195)
[stacktrace]
#0 D:\\xampp\\htdocs\\my-jesus\\vendor\\laravel\\framework\\src\\Illuminate\\Encryption\\Encrypter.php(136): Illuminate\\Encryption\\Encrypter->getJsonPayload(NULL)
#1 D:\\xampp\\htdocs\\my-jesus\\vendor\\laravel\\framework\\src\\Illuminate\\Support\\Facades\\Facade.php(239): Illuminate\\Encryption\\Encrypter->decrypt('en', false)
#2 D:\\xampp\\htdocs\\my-jesus\\app\\Providers\\AppServiceProvider.php(68): Illuminate\\Support\\Facades\\Facade::__callStatic('decrypt', Array)
#3 [internal function]: MyJesus\\Providers\\AppServiceProvider->boot()
#4 D:\\xampp\\htdocs\\my-jesus\\vendor\\laravel\\framework\\src\\Illuminate\\Container\\BoundMethod.php(32): call_user_func_array(Array, Array)
#5 D:\\xampp\\htdocs\\my-jesus\\vendor\\laravel\\framework\\src\\Illuminate\\Container\\BoundMethod.php(90): Illuminate\\Container\\BoundMethod::Illuminate\\Container\\{closure}()
#6 D:\\xampp\\htdocs\\my-jesus\\vendor\\laravel\\framework\\src\\Illuminate\\Container\\BoundMethod.php(34): Illuminate\\Container\\BoundMethod::callBoundMethod(Object(Illuminate\\Foundation\\Application), Array, Object(Closure))
#7 D:\\xampp\\htdocs\\my-jesus\\vendor\\laravel\\framework\\src\\Illuminate\\Container\\Container.php(576): Illuminate\\Container\\BoundMethod::call(Object(Illuminate\\Foundation\\Application), Array, Array, NULL)
#8 D:\\xampp\\htdocs\\my-jesus\\vendor\\laravel\\framework\\src\\Illuminate\\Foundation\\Application.php(827): Illuminate\\Container\\Container->call(Array)
#9 D:\\xampp\\htdocs\\my-jesus\\vendor\\laravel\\framework\\src\\Illuminate\\Foundation\\Application.php(810): Illuminate\\Foundation\\Application->bootProvider(Object(MyJesus\\Providers\\AppServiceProvider))
#10 [internal function]: Illuminate\\Foundation\\Application->Illuminate\\Foundation\\{closure}(Object(MyJesus\\Providers\\AppServiceProvider), 20)
#11 D:\\xampp\\htdocs\\my-jesus\\vendor\\laravel\\framework\\src\\Illuminate\\Foundation\\Application.php(811): array_walk(Array, Object(Closure))
#12 D:\\xampp\\htdocs\\my-jesus\\vendor\\laravel\\framework\\src\\Illuminate\\Foundation\\Bootstrap\\BootProviders.php(17): Illuminate\\Foundation\\Application->boot()
#13 D:\\xampp\\htdocs\\my-jesus\\vendor\\laravel\\framework\\src\\Illuminate\\Foundation\\Application.php(210): Illuminate\\Foundation\\Bootstrap\\BootProviders->bootstrap(Object(Illuminate\\Foundation\\Application))
#14 D:\\xampp\\htdocs\\my-jesus\\vendor\\laravel\\framework\\src\\Illuminate\\Foundation\\Http\\Kernel.php(162): Illuminate\\Foundation\\Application->bootstrapWith(Array)
#15 D:\\xampp\\htdocs\\my-jesus\\vendor\\laravel\\framework\\src\\Illuminate\\Foundation\\Http\\Kernel.php(146): Illuminate\\Foundation\\Http\\Kernel->bootstrap()
#16 D:\\xampp\\htdocs\\my-jesus\\vendor\\laravel\\framework\\src\\Illuminate\\Foundation\\Http\\Kernel.php(116): Illuminate\\Foundation\\Http\\Kernel->sendRequestThroughRouter(Object(Illuminate\\Http\\Request))
#17 D:\\xampp\\htdocs\\my-jesus\\index.php(47): Illuminate\\Foundation\\Http\\Kernel->handle(Object(Illuminate\\Http\\Request))
#18 {main}
"} 
[2020-11-28 12:18:15] local.ERROR: The payload is invalid. {"exception":"[object] (Illuminate\\Contracts\\Encryption\\DecryptException(code: 0): The payload is invalid. at D:\\xampp\\htdocs\\my-jesus\\vendor\\laravel\\framework\\src\\Illuminate\\Encryption\\Encrypter.php:195)
[stacktrace]
#0 D:\\xampp\\htdocs\\my-jesus\\vendor\\laravel\\framework\\src\\Illuminate\\Encryption\\Encrypter.php(136): Illuminate\\Encryption\\Encrypter->getJsonPayload(NULL)
#1 D:\\xampp\\htdocs\\my-jesus\\vendor\\laravel\\framework\\src\\Illuminate\\Support\\Facades\\Facade.php(239): Illuminate\\Encryption\\Encrypter->decrypt('en', false)
#2 D:\\xampp\\htdocs\\my-jesus\\app\\Providers\\AppServiceProvider.php(68): Illuminate\\Support\\Facades\\Facade::__callStatic('decrypt', Array)
#3 [internal function]: MyJesus\\Providers\\AppServiceProvider->boot()
#4 D:\\xampp\\htdocs\\my-jesus\\vendor\\laravel\\framework\\src\\Illuminate\\Container\\BoundMethod.php(32): call_user_func_array(Array, Array)
#5 D:\\xampp\\htdocs\\my-jesus\\vendor\\laravel\\framework\\src\\Illuminate\\Container\\BoundMethod.php(90): Illuminate\\Container\\BoundMethod::Illuminate\\Container\\{closure}()
#6 D:\\xampp\\htdocs\\my-jesus\\vendor\\laravel\\framework\\src\\Illuminate\\Container\\BoundMethod.php(34): Illuminate\\Container\\BoundMethod::callBoundMethod(Object(Illuminate\\Foundation\\Application), Array, Object(Closure))
#7 D:\\xampp\\htdocs\\my-jesus\\vendor\\laravel\\framework\\src\\Illuminate\\Container\\Container.php(576): Illuminate\\Container\\BoundMethod::call(Object(Illuminate\\Foundation\\Application), Array, Array, NULL)
#8 D:\\xampp\\htdocs\\my-jesus\\vendor\\laravel\\framework\\src\\Illuminate\\Foundation\\Application.php(827): Illuminate\\Container\\Container->call(Array)
#9 D:\\xampp\\htdocs\\my-jesus\\vendor\\laravel\\framework\\src\\Illuminate\\Foundation\\Application.php(810): Illuminate\\Foundation\\Application->bootProvider(Object(MyJesus\\Providers\\AppServiceProvider))
#10 [internal function]: Illuminate\\Foundation\\Application->Illuminate\\Foundation\\{closure}(Object(MyJesus\\Providers\\AppServiceProvider), 20)
#11 D:\\xampp\\htdocs\\my-jesus\\vendor\\laravel\\framework\\src\\Illuminate\\Foundation\\Application.php(811): array_walk(Array, Object(Closure))
#12 D:\\xampp\\htdocs\\my-jesus\\vendor\\laravel\\framework\\src\\Illuminate\\Foundation\\Bootstrap\\BootProviders.php(17): Illuminate\\Foundation\\Application->boot()
#13 D:\\xampp\\htdocs\\my-jesus\\vendor\\laravel\\framework\\src\\Illuminate\\Foundation\\Application.php(210): Illuminate\\Foundation\\Bootstrap\\BootProviders->bootstrap(Object(Illuminate\\Foundation\\Application))
#14 D:\\xampp\\htdocs\\my-jesus\\vendor\\laravel\\framework\\src\\Illuminate\\Foundation\\Http\\Kernel.php(162): Illuminate\\Foundation\\Application->bootstrapWith(Array)
#15 D:\\xampp\\htdocs\\my-jesus\\vendor\\laravel\\framework\\src\\Illuminate\\Foundation\\Http\\Kernel.php(146): Illuminate\\Foundation\\Http\\Kernel->bootstrap()
#16 D:\\xampp\\htdocs\\my-jesus\\vendor\\laravel\\framework\\src\\Illuminate\\Foundation\\Http\\Kernel.php(116): Illuminate\\Foundation\\Http\\Kernel->sendRequestThroughRouter(Object(Illuminate\\Http\\Request))
#17 D:\\xampp\\htdocs\\my-jesus\\index.php(47): Illuminate\\Foundation\\Http\\Kernel->handle(Object(Illuminate\\Http\\Request))
#18 {main}
"} 
[2020-11-28 12:33:21] local.ERROR: Class 'Unisharp\Ckeditor\ServiceProvider' not found {"exception":"[object] (Error(code: 0): Class 'Unisharp\\Ckeditor\\ServiceProvider' not found at D:\\xampp\\htdocs\\my-jesus\\vendor\\laravel\\framework\\src\\Illuminate\\Foundation\\ProviderRepository.php:208)
[stacktrace]
#0 D:\\xampp\\htdocs\\my-jesus\\vendor\\laravel\\framework\\src\\Illuminate\\Foundation\\ProviderRepository.php(144): Illuminate\\Foundation\\ProviderRepository->createProvider('Unisharp\\\\Ckedit...')
#1 D:\\xampp\\htdocs\\my-jesus\\vendor\\laravel\\framework\\src\\Illuminate\\Foundation\\ProviderRepository.php(61): Illuminate\\Foundation\\ProviderRepository->compileManifest(Array)
#2 D:\\xampp\\htdocs\\my-jesus\\vendor\\laravel\\framework\\src\\Illuminate\\Foundation\\Application.php(604): Illuminate\\Foundation\\ProviderRepository->load(Array)
#3 D:\\xampp\\htdocs\\my-jesus\\vendor\\laravel\\framework\\src\\Illuminate\\Foundation\\Bootstrap\\RegisterProviders.php(17): Illuminate\\Foundation\\Application->registerConfiguredProviders()
#4 D:\\xampp\\htdocs\\my-jesus\\vendor\\laravel\\framework\\src\\Illuminate\\Foundation\\Application.php(230): Illuminate\\Foundation\\Bootstrap\\RegisterProviders->bootstrap(Object(Illuminate\\Foundation\\Application))
#5 D:\\xampp\\htdocs\\my-jesus\\vendor\\laravel\\framework\\src\\Illuminate\\Foundation\\Console\\Kernel.php(310): Illuminate\\Foundation\\Application->bootstrapWith(Array)
#6 D:\\xampp\\htdocs\\my-jesus\\vendor\\laravel\\framework\\src\\Illuminate\\Foundation\\Console\\Kernel.php(127): Illuminate\\Foundation\\Console\\Kernel->bootstrap()
#7 D:\\xampp\\htdocs\\my-jesus\\artisan(37): Illuminate\\Foundation\\Console\\Kernel->handle(Object(Symfony\\Component\\Console\\Input\\ArgvInput), Object(Symfony\\Component\\Console\\Output\\ConsoleOutput))
#8 {main}
"} 
[2020-11-28 12:42:19] local.ERROR: The payload is invalid. {"exception":"[object] (Illuminate\\Contracts\\Encryption\\DecryptException(code: 0): The payload is invalid. at D:\\xampp\\htdocs\\my-jesus\\vendor\\laravel\\framework\\src\\Illuminate\\Encryption\\Encrypter.php:195)
[stacktrace]
#0 D:\\xampp\\htdocs\\my-jesus\\vendor\\laravel\\framework\\src\\Illuminate\\Encryption\\Encrypter.php(136): Illuminate\\Encryption\\Encrypter->getJsonPayload(NULL)
#1 D:\\xampp\\htdocs\\my-jesus\\vendor\\laravel\\framework\\src\\Illuminate\\Support\\Facades\\Facade.php(261): Illuminate\\Encryption\\Encrypter->decrypt('en', false)
#2 D:\\xampp\\htdocs\\my-jesus\\app\\Providers\\AppServiceProvider.php(68): Illuminate\\Support\\Facades\\Facade::__callStatic('decrypt', Array)
#3 D:\\xampp\\htdocs\\my-jesus\\vendor\\laravel\\framework\\src\\Illuminate\\Container\\BoundMethod.php(36): MyJesus\\Providers\\AppServiceProvider->boot()
#4 D:\\xampp\\htdocs\\my-jesus\\vendor\\laravel\\framework\\src\\Illuminate\\Container\\Util.php(40): Illuminate\\Container\\BoundMethod::Illuminate\\Container\\{closure}()
#5 D:\\xampp\\htdocs\\my-jesus\\vendor\\laravel\\framework\\src\\Illuminate\\Container\\BoundMethod.php(93): Illuminate\\Container\\Util::unwrapIfClosure(Object(Closure))
#6 D:\\xampp\\htdocs\\my-jesus\\vendor\\laravel\\framework\\src\\Illuminate\\Container\\BoundMethod.php(37): Illuminate\\Container\\BoundMethod::callBoundMethod(Object(Illuminate\\Foundation\\Application), Array, Object(Closure))
#7 D:\\xampp\\htdocs\\my-jesus\\vendor\\laravel\\framework\\src\\Illuminate\\Container\\Container.php(610): Illuminate\\Container\\BoundMethod::call(Object(Illuminate\\Foundation\\Application), Array, Array, NULL)
#8 D:\\xampp\\htdocs\\my-jesus\\vendor\\laravel\\framework\\src\\Illuminate\\Foundation\\Application.php(869): Illuminate\\Container\\Container->call(Array)
#9 D:\\xampp\\htdocs\\my-jesus\\vendor\\laravel\\framework\\src\\Illuminate\\Foundation\\Application.php(850): Illuminate\\Foundation\\Application->bootProvider(Object(MyJesus\\Providers\\AppServiceProvider))
#10 [internal function]: Illuminate\\Foundation\\Application->Illuminate\\Foundation\\{closure}(Object(MyJesus\\Providers\\AppServiceProvider), 24)
#11 D:\\xampp\\htdocs\\my-jesus\\vendor\\laravel\\framework\\src\\Illuminate\\Foundation\\Application.php(851): array_walk(Array, Object(Closure))
#12 D:\\xampp\\htdocs\\my-jesus\\vendor\\laravel\\framework\\src\\Illuminate\\Foundation\\Bootstrap\\BootProviders.php(17): Illuminate\\Foundation\\Application->boot()
#13 D:\\xampp\\htdocs\\my-jesus\\vendor\\laravel\\framework\\src\\Illuminate\\Foundation\\Application.php(230): Illuminate\\Foundation\\Bootstrap\\BootProviders->bootstrap(Object(Illuminate\\Foundation\\Application))
#14 D:\\xampp\\htdocs\\my-jesus\\vendor\\laravel\\framework\\src\\Illuminate\\Foundation\\Http\\Kernel.php(152): Illuminate\\Foundation\\Application->bootstrapWith(Array)
#15 D:\\xampp\\htdocs\\my-jesus\\vendor\\laravel\\framework\\src\\Illuminate\\Foundation\\Http\\Kernel.php(136): Illuminate\\Foundation\\Http\\Kernel->bootstrap()
#16 D:\\xampp\\htdocs\\my-jesus\\vendor\\laravel\\framework\\src\\Illuminate\\Foundation\\Http\\Kernel.php(110): Illuminate\\Foundation\\Http\\Kernel->sendRequestThroughRouter(Object(Illuminate\\Http\\Request))
#17 D:\\xampp\\htdocs\\my-jesus\\index.php(47): Illuminate\\Foundation\\Http\\Kernel->handle(Object(Illuminate\\Http\\Request))
#18 {main}
"} 
[2020-11-28 12:44:49] local.ERROR: The payload is invalid. {"exception":"[object] (Illuminate\\Contracts\\Encryption\\DecryptException(code: 0): The payload is invalid. at D:\\xampp\\htdocs\\my-jesus\\vendor\\laravel\\framework\\src\\Illuminate\\Encryption\\Encrypter.php:195)
[stacktrace]
#0 D:\\xampp\\htdocs\\my-jesus\\vendor\\laravel\\framework\\src\\Illuminate\\Encryption\\Encrypter.php(136): Illuminate\\Encryption\\Encrypter->getJsonPayload(NULL)
#1 D:\\xampp\\htdocs\\my-jesus\\vendor\\laravel\\framework\\src\\Illuminate\\Support\\Facades\\Facade.php(261): Illuminate\\Encryption\\Encrypter->decrypt('en', false)
#2 D:\\xampp\\htdocs\\my-jesus\\app\\Providers\\AppServiceProvider.php(68): Illuminate\\Support\\Facades\\Facade::__callStatic('decrypt', Array)
#3 D:\\xampp\\htdocs\\my-jesus\\vendor\\laravel\\framework\\src\\Illuminate\\Container\\BoundMethod.php(36): MyJesus\\Providers\\AppServiceProvider->boot()
#4 D:\\xampp\\htdocs\\my-jesus\\vendor\\laravel\\framework\\src\\Illuminate\\Container\\Util.php(40): Illuminate\\Container\\BoundMethod::Illuminate\\Container\\{closure}()
#5 D:\\xampp\\htdocs\\my-jesus\\vendor\\laravel\\framework\\src\\Illuminate\\Container\\BoundMethod.php(93): Illuminate\\Container\\Util::unwrapIfClosure(Object(Closure))
#6 D:\\xampp\\htdocs\\my-jesus\\vendor\\laravel\\framework\\src\\Illuminate\\Container\\BoundMethod.php(37): Illuminate\\Container\\BoundMethod::callBoundMethod(Object(Illuminate\\Foundation\\Application), Array, Object(Closure))
#7 D:\\xampp\\htdocs\\my-jesus\\vendor\\laravel\\framework\\src\\Illuminate\\Container\\Container.php(610): Illuminate\\Container\\BoundMethod::call(Object(Illuminate\\Foundation\\Application), Array, Array, NULL)
#8 D:\\xampp\\htdocs\\my-jesus\\vendor\\laravel\\framework\\src\\Illuminate\\Foundation\\Application.php(869): Illuminate\\Container\\Container->call(Array)
#9 D:\\xampp\\htdocs\\my-jesus\\vendor\\laravel\\framework\\src\\Illuminate\\Foundation\\Application.php(850): Illuminate\\Foundation\\Application->bootProvider(Object(MyJesus\\Providers\\AppServiceProvider))
#10 [internal function]: Illuminate\\Foundation\\Application->Illuminate\\Foundation\\{closure}(Object(MyJesus\\Providers\\AppServiceProvider), 24)
#11 D:\\xampp\\htdocs\\my-jesus\\vendor\\laravel\\framework\\src\\Illuminate\\Foundation\\Application.php(851): array_walk(Array, Object(Closure))
#12 D:\\xampp\\htdocs\\my-jesus\\vendor\\laravel\\framework\\src\\Illuminate\\Foundation\\Bootstrap\\BootProviders.php(17): Illuminate\\Foundation\\Application->boot()
#13 D:\\xampp\\htdocs\\my-jesus\\vendor\\laravel\\framework\\src\\Illuminate\\Foundation\\Application.php(230): Illuminate\\Foundation\\Bootstrap\\BootProviders->bootstrap(Object(Illuminate\\Foundation\\Application))
#14 D:\\xampp\\htdocs\\my-jesus\\vendor\\laravel\\framework\\src\\Illuminate\\Foundation\\Http\\Kernel.php(152): Illuminate\\Foundation\\Application->bootstrapWith(Array)
#15 D:\\xampp\\htdocs\\my-jesus\\vendor\\laravel\\framework\\src\\Illuminate\\Foundation\\Http\\Kernel.php(136): Illuminate\\Foundation\\Http\\Kernel->bootstrap()
#16 D:\\xampp\\htdocs\\my-jesus\\vendor\\laravel\\framework\\src\\Illuminate\\Foundation\\Http\\Kernel.php(110): Illuminate\\Foundation\\Http\\Kernel->sendRequestThroughRouter(Object(Illuminate\\Http\\Request))
#17 D:\\xampp\\htdocs\\my-jesus\\index.php(47): Illuminate\\Foundation\\Http\\Kernel->handle(Object(Illuminate\\Http\\Request))
#18 {main}
"} 
[2020-11-28 12:48:09] local.ERROR: The payload is invalid. {"exception":"[object] (Illuminate\\Contracts\\Encryption\\DecryptException(code: 0): The payload is invalid. at D:\\xampp\\htdocs\\my-jesus\\vendor\\laravel\\framework\\src\\Illuminate\\Encryption\\Encrypter.php:195)
[stacktrace]
#0 D:\\xampp\\htdocs\\my-jesus\\vendor\\laravel\\framework\\src\\Illuminate\\Encryption\\Encrypter.php(136): Illuminate\\Encryption\\Encrypter->getJsonPayload(NULL)
#1 D:\\xampp\\htdocs\\my-jesus\\vendor\\laravel\\framework\\src\\Illuminate\\Support\\Facades\\Facade.php(261): Illuminate\\Encryption\\Encrypter->decrypt('en', false)
#2 D:\\xampp\\htdocs\\my-jesus\\app\\Providers\\AppServiceProvider.php(68): Illuminate\\Support\\Facades\\Facade::__callStatic('decrypt', Array)
#3 D:\\xampp\\htdocs\\my-jesus\\vendor\\laravel\\framework\\src\\Illuminate\\Container\\BoundMethod.php(36): MyJesus\\Providers\\AppServiceProvider->boot()
#4 D:\\xampp\\htdocs\\my-jesus\\vendor\\laravel\\framework\\src\\Illuminate\\Container\\Util.php(40): Illuminate\\Container\\BoundMethod::Illuminate\\Container\\{closure}()
#5 D:\\xampp\\htdocs\\my-jesus\\vendor\\laravel\\framework\\src\\Illuminate\\Container\\BoundMethod.php(93): Illuminate\\Container\\Util::unwrapIfClosure(Object(Closure))
#6 D:\\xampp\\htdocs\\my-jesus\\vendor\\laravel\\framework\\src\\Illuminate\\Container\\BoundMethod.php(37): Illuminate\\Container\\BoundMethod::callBoundMethod(Object(Illuminate\\Foundation\\Application), Array, Object(Closure))
#7 D:\\xampp\\htdocs\\my-jesus\\vendor\\laravel\\framework\\src\\Illuminate\\Container\\Container.php(610): Illuminate\\Container\\BoundMethod::call(Object(Illuminate\\Foundation\\Application), Array, Array, NULL)
#8 D:\\xampp\\htdocs\\my-jesus\\vendor\\laravel\\framework\\src\\Illuminate\\Foundation\\Application.php(869): Illuminate\\Container\\Container->call(Array)
#9 D:\\xampp\\htdocs\\my-jesus\\vendor\\laravel\\framework\\src\\Illuminate\\Foundation\\Application.php(850): Illuminate\\Foundation\\Application->bootProvider(Object(MyJesus\\Providers\\AppServiceProvider))
#10 [internal function]: Illuminate\\Foundation\\Application->Illuminate\\Foundation\\{closure}(Object(MyJesus\\Providers\\AppServiceProvider), 24)
#11 D:\\xampp\\htdocs\\my-jesus\\vendor\\laravel\\framework\\src\\Illuminate\\Foundation\\Application.php(851): array_walk(Array, Object(Closure))
#12 D:\\xampp\\htdocs\\my-jesus\\vendor\\laravel\\framework\\src\\Illuminate\\Foundation\\Bootstrap\\BootProviders.php(17): Illuminate\\Foundation\\Application->boot()
#13 D:\\xampp\\htdocs\\my-jesus\\vendor\\laravel\\framework\\src\\Illuminate\\Foundation\\Application.php(230): Illuminate\\Foundation\\Bootstrap\\BootProviders->bootstrap(Object(Illuminate\\Foundation\\Application))
#14 D:\\xampp\\htdocs\\my-jesus\\vendor\\laravel\\framework\\src\\Illuminate\\Foundation\\Http\\Kernel.php(152): Illuminate\\Foundation\\Application->bootstrapWith(Array)
#15 D:\\xampp\\htdocs\\my-jesus\\vendor\\laravel\\framework\\src\\Illuminate\\Foundation\\Http\\Kernel.php(136): Illuminate\\Foundation\\Http\\Kernel->bootstrap()
#16 D:\\xampp\\htdocs\\my-jesus\\vendor\\laravel\\framework\\src\\Illuminate\\Foundation\\Http\\Kernel.php(110): Illuminate\\Foundation\\Http\\Kernel->sendRequestThroughRouter(Object(Illuminate\\Http\\Request))
#17 D:\\xampp\\htdocs\\my-jesus\\index.php(47): Illuminate\\Foundation\\Http\\Kernel->handle(Object(Illuminate\\Http\\Request))
#18 {main}
"} 
[2020-11-28 12:51:53] local.ERROR: The payload is invalid. {"exception":"[object] (Illuminate\\Contracts\\Encryption\\DecryptException(code: 0): The payload is invalid. at D:\\xampp\\htdocs\\my-jesus\\vendor\\laravel\\framework\\src\\Illuminate\\Encryption\\Encrypter.php:195)
[stacktrace]
#0 D:\\xampp\\htdocs\\my-jesus\\vendor\\laravel\\framework\\src\\Illuminate\\Encryption\\Encrypter.php(136): Illuminate\\Encryption\\Encrypter->getJsonPayload(NULL)
#1 D:\\xampp\\htdocs\\my-jesus\\vendor\\laravel\\framework\\src\\Illuminate\\Support\\Facades\\Facade.php(261): Illuminate\\Encryption\\Encrypter->decrypt('en', false)
#2 D:\\xampp\\htdocs\\my-jesus\\app\\Providers\\AppServiceProvider.php(68): Illuminate\\Support\\Facades\\Facade::__callStatic('decrypt', Array)
#3 D:\\xampp\\htdocs\\my-jesus\\vendor\\laravel\\framework\\src\\Illuminate\\Container\\BoundMethod.php(36): MyJesus\\Providers\\AppServiceProvider->boot()
#4 D:\\xampp\\htdocs\\my-jesus\\vendor\\laravel\\framework\\src\\Illuminate\\Container\\Util.php(40): Illuminate\\Container\\BoundMethod::Illuminate\\Container\\{closure}()
#5 D:\\xampp\\htdocs\\my-jesus\\vendor\\laravel\\framework\\src\\Illuminate\\Container\\BoundMethod.php(93): Illuminate\\Container\\Util::unwrapIfClosure(Object(Closure))
#6 D:\\xampp\\htdocs\\my-jesus\\vendor\\laravel\\framework\\src\\Illuminate\\Container\\BoundMethod.php(37): Illuminate\\Container\\BoundMethod::callBoundMethod(Object(Illuminate\\Foundation\\Application), Array, Object(Closure))
#7 D:\\xampp\\htdocs\\my-jesus\\vendor\\laravel\\framework\\src\\Illuminate\\Container\\Container.php(610): Illuminate\\Container\\BoundMethod::call(Object(Illuminate\\Foundation\\Application), Array, Array, NULL)
#8 D:\\xampp\\htdocs\\my-jesus\\vendor\\laravel\\framework\\src\\Illuminate\\Foundation\\Application.php(869): Illuminate\\Container\\Container->call(Array)
#9 D:\\xampp\\htdocs\\my-jesus\\vendor\\laravel\\framework\\src\\Illuminate\\Foundation\\Application.php(850): Illuminate\\Foundation\\Application->bootProvider(Object(MyJesus\\Providers\\AppServiceProvider))
#10 [internal function]: Illuminate\\Foundation\\Application->Illuminate\\Foundation\\{closure}(Object(MyJesus\\Providers\\AppServiceProvider), 24)
#11 D:\\xampp\\htdocs\\my-jesus\\vendor\\laravel\\framework\\src\\Illuminate\\Foundation\\Application.php(851): array_walk(Array, Object(Closure))
#12 D:\\xampp\\htdocs\\my-jesus\\vendor\\laravel\\framework\\src\\Illuminate\\Foundation\\Bootstrap\\BootProviders.php(17): Illuminate\\Foundation\\Application->boot()
#13 D:\\xampp\\htdocs\\my-jesus\\vendor\\laravel\\framework\\src\\Illuminate\\Foundation\\Application.php(230): Illuminate\\Foundation\\Bootstrap\\BootProviders->bootstrap(Object(Illuminate\\Foundation\\Application))
#14 D:\\xampp\\htdocs\\my-jesus\\vendor\\laravel\\framework\\src\\Illuminate\\Foundation\\Http\\Kernel.php(152): Illuminate\\Foundation\\Application->bootstrapWith(Array)
#15 D:\\xampp\\htdocs\\my-jesus\\vendor\\laravel\\framework\\src\\Illuminate\\Foundation\\Http\\Kernel.php(136): Illuminate\\Foundation\\Http\\Kernel->bootstrap()
#16 D:\\xampp\\htdocs\\my-jesus\\vendor\\laravel\\framework\\src\\Illuminate\\Foundation\\Http\\Kernel.php(110): Illuminate\\Foundation\\Http\\Kernel->sendRequestThroughRouter(Object(Illuminate\\Http\\Request))
#17 D:\\xampp\\htdocs\\my-jesus\\index.php(47): Illuminate\\Foundation\\Http\\Kernel->handle(Object(Illuminate\\Http\\Request))
#18 {main}
"} 
[2020-11-28 13:04:27] local.ERROR: The payload is invalid. {"exception":"[object] (Illuminate\\Contracts\\Encryption\\DecryptException(code: 0): The payload is invalid. at D:\\xampp\\htdocs\\my-jesus\\vendor\\laravel\\framework\\src\\Illuminate\\Encryption\\Encrypter.php:195)
[stacktrace]
#0 D:\\xampp\\htdocs\\my-jesus\\vendor\\laravel\\framework\\src\\Illuminate\\Encryption\\Encrypter.php(136): Illuminate\\Encryption\\Encrypter->getJsonPayload(NULL)
#1 D:\\xampp\\htdocs\\my-jesus\\vendor\\laravel\\framework\\src\\Illuminate\\Support\\Facades\\Facade.php(261): Illuminate\\Encryption\\Encrypter->decrypt('en', false)
#2 D:\\xampp\\htdocs\\my-jesus\\app\\Providers\\AppServiceProvider.php(68): Illuminate\\Support\\Facades\\Facade::__callStatic('decrypt', Array)
#3 D:\\xampp\\htdocs\\my-jesus\\vendor\\laravel\\framework\\src\\Illuminate\\Container\\BoundMethod.php(36): MyJesus\\Providers\\AppServiceProvider->boot()
#4 D:\\xampp\\htdocs\\my-jesus\\vendor\\laravel\\framework\\src\\Illuminate\\Container\\Util.php(40): Illuminate\\Container\\BoundMethod::Illuminate\\Container\\{closure}()
#5 D:\\xampp\\htdocs\\my-jesus\\vendor\\laravel\\framework\\src\\Illuminate\\Container\\BoundMethod.php(93): Illuminate\\Container\\Util::unwrapIfClosure(Object(Closure))
#6 D:\\xampp\\htdocs\\my-jesus\\vendor\\laravel\\framework\\src\\Illuminate\\Container\\BoundMethod.php(37): Illuminate\\Container\\BoundMethod::callBoundMethod(Object(Illuminate\\Foundation\\Application), Array, Object(Closure))
#7 D:\\xampp\\htdocs\\my-jesus\\vendor\\laravel\\framework\\src\\Illuminate\\Container\\Container.php(610): Illuminate\\Container\\BoundMethod::call(Object(Illuminate\\Foundation\\Application), Array, Array, NULL)
#8 D:\\xampp\\htdocs\\my-jesus\\vendor\\laravel\\framework\\src\\Illuminate\\Foundation\\Application.php(869): Illuminate\\Container\\Container->call(Array)
#9 D:\\xampp\\htdocs\\my-jesus\\vendor\\laravel\\framework\\src\\Illuminate\\Foundation\\Application.php(850): Illuminate\\Foundation\\Application->bootProvider(Object(MyJesus\\Providers\\AppServiceProvider))
#10 [internal function]: Illuminate\\Foundation\\Application->Illuminate\\Foundation\\{closure}(Object(MyJesus\\Providers\\AppServiceProvider), 24)
#11 D:\\xampp\\htdocs\\my-jesus\\vendor\\laravel\\framework\\src\\Illuminate\\Foundation\\Application.php(851): array_walk(Array, Object(Closure))
#12 D:\\xampp\\htdocs\\my-jesus\\vendor\\laravel\\framework\\src\\Illuminate\\Foundation\\Bootstrap\\BootProviders.php(17): Illuminate\\Foundation\\Application->boot()
#13 D:\\xampp\\htdocs\\my-jesus\\vendor\\laravel\\framework\\src\\Illuminate\\Foundation\\Application.php(230): Illuminate\\Foundation\\Bootstrap\\BootProviders->bootstrap(Object(Illuminate\\Foundation\\Application))
#14 D:\\xampp\\htdocs\\my-jesus\\vendor\\laravel\\framework\\src\\Illuminate\\Foundation\\Http\\Kernel.php(152): Illuminate\\Foundation\\Application->bootstrapWith(Array)
#15 D:\\xampp\\htdocs\\my-jesus\\vendor\\laravel\\framework\\src\\Illuminate\\Foundation\\Http\\Kernel.php(136): Illuminate\\Foundation\\Http\\Kernel->bootstrap()
#16 D:\\xampp\\htdocs\\my-jesus\\vendor\\laravel\\framework\\src\\Illuminate\\Foundation\\Http\\Kernel.php(110): Illuminate\\Foundation\\Http\\Kernel->sendRequestThroughRouter(Object(Illuminate\\Http\\Request))
#17 D:\\xampp\\htdocs\\my-jesus\\index.php(47): Illuminate\\Foundation\\Http\\Kernel->handle(Object(Illuminate\\Http\\Request))
#18 {main}
"} 
[2020-11-28 13:06:46] local.ERROR: The payload is invalid. {"exception":"[object] (Illuminate\\Contracts\\Encryption\\DecryptException(code: 0): The payload is invalid. at D:\\xampp\\htdocs\\my-jesus\\vendor\\laravel\\framework\\src\\Illuminate\\Encryption\\Encrypter.php:195)
[stacktrace]
#0 D:\\xampp\\htdocs\\my-jesus\\vendor\\laravel\\framework\\src\\Illuminate\\Encryption\\Encrypter.php(136): Illuminate\\Encryption\\Encrypter->getJsonPayload(NULL)
#1 D:\\xampp\\htdocs\\my-jesus\\vendor\\laravel\\framework\\src\\Illuminate\\Support\\Facades\\Facade.php(261): Illuminate\\Encryption\\Encrypter->decrypt('en', false)
#2 D:\\xampp\\htdocs\\my-jesus\\app\\Providers\\AppServiceProvider.php(68): Illuminate\\Support\\Facades\\Facade::__callStatic('decrypt', Array)
#3 D:\\xampp\\htdocs\\my-jesus\\vendor\\laravel\\framework\\src\\Illuminate\\Container\\BoundMethod.php(36): MyJesus\\Providers\\AppServiceProvider->boot()
#4 D:\\xampp\\htdocs\\my-jesus\\vendor\\laravel\\framework\\src\\Illuminate\\Container\\Util.php(40): Illuminate\\Container\\BoundMethod::Illuminate\\Container\\{closure}()
#5 D:\\xampp\\htdocs\\my-jesus\\vendor\\laravel\\framework\\src\\Illuminate\\Container\\BoundMethod.php(93): Illuminate\\Container\\Util::unwrapIfClosure(Object(Closure))
#6 D:\\xampp\\htdocs\\my-jesus\\vendor\\laravel\\framework\\src\\Illuminate\\Container\\BoundMethod.php(37): Illuminate\\Container\\BoundMethod::callBoundMethod(Object(Illuminate\\Foundation\\Application), Array, Object(Closure))
#7 D:\\xampp\\htdocs\\my-jesus\\vendor\\laravel\\framework\\src\\Illuminate\\Container\\Container.php(610): Illuminate\\Container\\BoundMethod::call(Object(Illuminate\\Foundation\\Application), Array, Array, NULL)
#8 D:\\xampp\\htdocs\\my-jesus\\vendor\\laravel\\framework\\src\\Illuminate\\Foundation\\Application.php(869): Illuminate\\Container\\Container->call(Array)
#9 D:\\xampp\\htdocs\\my-jesus\\vendor\\laravel\\framework\\src\\Illuminate\\Foundation\\Application.php(850): Illuminate\\Foundation\\Application->bootProvider(Object(MyJesus\\Providers\\AppServiceProvider))
#10 [internal function]: Illuminate\\Foundation\\Application->Illuminate\\Foundation\\{closure}(Object(MyJesus\\Providers\\AppServiceProvider), 24)
#11 D:\\xampp\\htdocs\\my-jesus\\vendor\\laravel\\framework\\src\\Illuminate\\Foundation\\Application.php(851): array_walk(Array, Object(Closure))
#12 D:\\xampp\\htdocs\\my-jesus\\vendor\\laravel\\framework\\src\\Illuminate\\Foundation\\Bootstrap\\BootProviders.php(17): Illuminate\\Foundation\\Application->boot()
#13 D:\\xampp\\htdocs\\my-jesus\\vendor\\laravel\\framework\\src\\Illuminate\\Foundation\\Application.php(230): Illuminate\\Foundation\\Bootstrap\\BootProviders->bootstrap(Object(Illuminate\\Foundation\\Application))
#14 D:\\xampp\\htdocs\\my-jesus\\vendor\\laravel\\framework\\src\\Illuminate\\Foundation\\Http\\Kernel.php(152): Illuminate\\Foundation\\Application->bootstrapWith(Array)
#15 D:\\xampp\\htdocs\\my-jesus\\vendor\\laravel\\framework\\src\\Illuminate\\Foundation\\Http\\Kernel.php(136): Illuminate\\Foundation\\Http\\Kernel->bootstrap()
#16 D:\\xampp\\htdocs\\my-jesus\\vendor\\laravel\\framework\\src\\Illuminate\\Foundation\\Http\\Kernel.php(110): Illuminate\\Foundation\\Http\\Kernel->sendRequestThroughRouter(Object(Illuminate\\Http\\Request))
#17 D:\\xampp\\htdocs\\my-jesus\\index.php(47): Illuminate\\Foundation\\Http\\Kernel->handle(Object(Illuminate\\Http\\Request))
#18 {main}
"} 
[2020-11-28 13:10:18] local.ERROR: The payload is invalid. {"exception":"[object] (Illuminate\\Contracts\\Encryption\\DecryptException(code: 0): The payload is invalid. at D:\\xampp\\htdocs\\my-jesus\\vendor\\laravel\\framework\\src\\Illuminate\\Encryption\\Encrypter.php:195)
[stacktrace]
#0 D:\\xampp\\htdocs\\my-jesus\\vendor\\laravel\\framework\\src\\Illuminate\\Encryption\\Encrypter.php(136): Illuminate\\Encryption\\Encrypter->getJsonPayload(NULL)
#1 D:\\xampp\\htdocs\\my-jesus\\vendor\\laravel\\framework\\src\\Illuminate\\Support\\Facades\\Facade.php(261): Illuminate\\Encryption\\Encrypter->decrypt('en', false)
#2 D:\\xampp\\htdocs\\my-jesus\\app\\Providers\\AppServiceProvider.php(68): Illuminate\\Support\\Facades\\Facade::__callStatic('decrypt', Array)
#3 D:\\xampp\\htdocs\\my-jesus\\vendor\\laravel\\framework\\src\\Illuminate\\Container\\BoundMethod.php(36): MyJesus\\Providers\\AppServiceProvider->boot()
#4 D:\\xampp\\htdocs\\my-jesus\\vendor\\laravel\\framework\\src\\Illuminate\\Container\\Util.php(40): Illuminate\\Container\\BoundMethod::Illuminate\\Container\\{closure}()
#5 D:\\xampp\\htdocs\\my-jesus\\vendor\\laravel\\framework\\src\\Illuminate\\Container\\BoundMethod.php(93): Illuminate\\Container\\Util::unwrapIfClosure(Object(Closure))
#6 D:\\xampp\\htdocs\\my-jesus\\vendor\\laravel\\framework\\src\\Illuminate\\Container\\BoundMethod.php(37): Illuminate\\Container\\BoundMethod::callBoundMethod(Object(Illuminate\\Foundation\\Application), Array, Object(Closure))
#7 D:\\xampp\\htdocs\\my-jesus\\vendor\\laravel\\framework\\src\\Illuminate\\Container\\Container.php(610): Illuminate\\Container\\BoundMethod::call(Object(Illuminate\\Foundation\\Application), Array, Array, NULL)
#8 D:\\xampp\\htdocs\\my-jesus\\vendor\\laravel\\framework\\src\\Illuminate\\Foundation\\Application.php(869): Illuminate\\Container\\Container->call(Array)
#9 D:\\xampp\\htdocs\\my-jesus\\vendor\\laravel\\framework\\src\\Illuminate\\Foundation\\Application.php(850): Illuminate\\Foundation\\Application->bootProvider(Object(MyJesus\\Providers\\AppServiceProvider))
#10 [internal function]: Illuminate\\Foundation\\Application->Illuminate\\Foundation\\{closure}(Object(MyJesus\\Providers\\AppServiceProvider), 24)
#11 D:\\xampp\\htdocs\\my-jesus\\vendor\\laravel\\framework\\src\\Illuminate\\Foundation\\Application.php(851): array_walk(Array, Object(Closure))
#12 D:\\xampp\\htdocs\\my-jesus\\vendor\\laravel\\framework\\src\\Illuminate\\Foundation\\Bootstrap\\BootProviders.php(17): Illuminate\\Foundation\\Application->boot()
#13 D:\\xampp\\htdocs\\my-jesus\\vendor\\laravel\\framework\\src\\Illuminate\\Foundation\\Application.php(230): Illuminate\\Foundation\\Bootstrap\\BootProviders->bootstrap(Object(Illuminate\\Foundation\\Application))
#14 D:\\xampp\\htdocs\\my-jesus\\vendor\\laravel\\framework\\src\\Illuminate\\Foundation\\Http\\Kernel.php(152): Illuminate\\Foundation\\Application->bootstrapWith(Array)
#15 D:\\xampp\\htdocs\\my-jesus\\vendor\\laravel\\framework\\src\\Illuminate\\Foundation\\Http\\Kernel.php(136): Illuminate\\Foundation\\Http\\Kernel->bootstrap()
#16 D:\\xampp\\htdocs\\my-jesus\\vendor\\laravel\\framework\\src\\Illuminate\\Foundation\\Http\\Kernel.php(110): Illuminate\\Foundation\\Http\\Kernel->sendRequestThroughRouter(Object(Illuminate\\Http\\Request))
#17 D:\\xampp\\htdocs\\my-jesus\\index.php(47): Illuminate\\Foundation\\Http\\Kernel->handle(Object(Illuminate\\Http\\Request))
#18 {main}
"} 
[2020-11-28 13:18:31] local.ERROR: Unable to prepare route [admin/edit-customer] for serialization. Another route has already been assigned name [admin.edit-customer]. {"exception":"[object] (LogicException(code: 0): Unable to prepare route [admin/edit-customer] for serialization. Another route has already been assigned name [admin.edit-customer]. at D:\\xampp\\htdocs\\my-jesus\\vendor\\laravel\\framework\\src\\Illuminate\\Routing\\AbstractRouteCollection.php:212)
[stacktrace]
#0 D:\\xampp\\htdocs\\my-jesus\\vendor\\laravel\\framework\\src\\Illuminate\\Routing\\AbstractRouteCollection.php(178): Illuminate\\Routing\\AbstractRouteCollection->addToSymfonyRoutesCollection(Object(Symfony\\Component\\Routing\\RouteCollection), Object(Illuminate\\Routing\\Route))
#1 D:\\xampp\\htdocs\\my-jesus\\vendor\\laravel\\framework\\src\\Illuminate\\Routing\\RouteCollection.php(246): Illuminate\\Routing\\AbstractRouteCollection->toSymfonyRouteCollection()
#2 D:\\xampp\\htdocs\\my-jesus\\vendor\\laravel\\framework\\src\\Illuminate\\Routing\\AbstractRouteCollection.php(162): Illuminate\\Routing\\RouteCollection->toSymfonyRouteCollection()
#3 D:\\xampp\\htdocs\\my-jesus\\vendor\\laravel\\framework\\src\\Illuminate\\Routing\\AbstractRouteCollection.php(134): Illuminate\\Routing\\AbstractRouteCollection->dumper()
#4 D:\\xampp\\htdocs\\my-jesus\\vendor\\laravel\\framework\\src\\Illuminate\\Foundation\\Console\\RouteCacheCommand.php(107): Illuminate\\Routing\\AbstractRouteCollection->compile()
#5 D:\\xampp\\htdocs\\my-jesus\\vendor\\laravel\\framework\\src\\Illuminate\\Foundation\\Console\\RouteCacheCommand.php(66): Illuminate\\Foundation\\Console\\RouteCacheCommand->buildRouteCacheFile(Object(Illuminate\\Routing\\RouteCollection))
#6 D:\\xampp\\htdocs\\my-jesus\\vendor\\laravel\\framework\\src\\Illuminate\\Container\\BoundMethod.php(36): Illuminate\\Foundation\\Console\\RouteCacheCommand->handle()
#7 D:\\xampp\\htdocs\\my-jesus\\vendor\\laravel\\framework\\src\\Illuminate\\Container\\Util.php(40): Illuminate\\Container\\BoundMethod::Illuminate\\Container\\{closure}()
#8 D:\\xampp\\htdocs\\my-jesus\\vendor\\laravel\\framework\\src\\Illuminate\\Container\\BoundMethod.php(93): Illuminate\\Container\\Util::unwrapIfClosure(Object(Closure))
#9 D:\\xampp\\htdocs\\my-jesus\\vendor\\laravel\\framework\\src\\Illuminate\\Container\\BoundMethod.php(37): Illuminate\\Container\\BoundMethod::callBoundMethod(Object(Illuminate\\Foundation\\Application), Array, Object(Closure))
#10 D:\\xampp\\htdocs\\my-jesus\\vendor\\laravel\\framework\\src\\Illuminate\\Container\\Container.php(610): Illuminate\\Container\\BoundMethod::call(Object(Illuminate\\Foundation\\Application), Array, Array, NULL)
#11 D:\\xampp\\htdocs\\my-jesus\\vendor\\laravel\\framework\\src\\Illuminate\\Console\\Command.php(136): Illuminate\\Container\\Container->call(Array)
#12 D:\\xampp\\htdocs\\my-jesus\\vendor\\symfony\\console\\Command\\Command.php(258): Illuminate\\Console\\Command->execute(Object(Symfony\\Component\\Console\\Input\\ArrayInput), Object(Illuminate\\Console\\OutputStyle))
#13 D:\\xampp\\htdocs\\my-jesus\\vendor\\laravel\\framework\\src\\Illuminate\\Console\\Command.php(121): Symfony\\Component\\Console\\Command\\Command->run(Object(Symfony\\Component\\Console\\Input\\ArrayInput), Object(Illuminate\\Console\\OutputStyle))
#14 D:\\xampp\\htdocs\\my-jesus\\vendor\\laravel\\framework\\src\\Illuminate\\Console\\Concerns\\CallsCommands.php(68): Illuminate\\Console\\Command->run(Object(Symfony\\Component\\Console\\Input\\ArrayInput), Object(Illuminate\\Console\\OutputStyle))
#15 D:\\xampp\\htdocs\\my-jesus\\vendor\\laravel\\framework\\src\\Illuminate\\Console\\Concerns\\CallsCommands.php(28): Illuminate\\Console\\Command->runCommand('route:cache', Array, Object(Illuminate\\Console\\OutputStyle))
#16 D:\\xampp\\htdocs\\my-jesus\\vendor\\laravel\\framework\\src\\Illuminate\\Foundation\\Console\\OptimizeCommand.php(31): Illuminate\\Console\\Command->call('route:cache')
#17 D:\\xampp\\htdocs\\my-jesus\\vendor\\laravel\\framework\\src\\Illuminate\\Container\\BoundMethod.php(36): Illuminate\\Foundation\\Console\\OptimizeCommand->handle()
#18 D:\\xampp\\htdocs\\my-jesus\\vendor\\laravel\\framework\\src\\Illuminate\\Container\\Util.php(40): Illuminate\\Container\\BoundMethod::Illuminate\\Container\\{closure}()
#19 D:\\xampp\\htdocs\\my-jesus\\vendor\\laravel\\framework\\src\\Illuminate\\Container\\BoundMethod.php(93): Illuminate\\Container\\Util::unwrapIfClosure(Object(Closure))
#20 D:\\xampp\\htdocs\\my-jesus\\vendor\\laravel\\framework\\src\\Illuminate\\Container\\BoundMethod.php(37): Illuminate\\Container\\BoundMethod::callBoundMethod(Object(Illuminate\\Foundation\\Application), Array, Object(Closure))
#21 D:\\xampp\\htdocs\\my-jesus\\vendor\\laravel\\framework\\src\\Illuminate\\Container\\Container.php(610): Illuminate\\Container\\BoundMethod::call(Object(Illuminate\\Foundation\\Application), Array, Array, NULL)
#22 D:\\xampp\\htdocs\\my-jesus\\vendor\\laravel\\framework\\src\\Illuminate\\Console\\Command.php(136): Illuminate\\Container\\Container->call(Array)
#23 D:\\xampp\\htdocs\\my-jesus\\vendor\\symfony\\console\\Command\\Command.php(258): Illuminate\\Console\\Command->execute(Object(Symfony\\Component\\Console\\Input\\ArgvInput), Object(Illuminate\\Console\\OutputStyle))
#24 D:\\xampp\\htdocs\\my-jesus\\vendor\\laravel\\framework\\src\\Illuminate\\Console\\Command.php(121): Symfony\\Component\\Console\\Command\\Command->run(Object(Symfony\\Component\\Console\\Input\\ArgvInput), Object(Illuminate\\Console\\OutputStyle))
#25 D:\\xampp\\htdocs\\my-jesus\\vendor\\symfony\\console\\Application.php(920): Illuminate\\Console\\Command->run(Object(Symfony\\Component\\Console\\Input\\ArgvInput), Object(Symfony\\Component\\Console\\Output\\ConsoleOutput))
#26 D:\\xampp\\htdocs\\my-jesus\\vendor\\symfony\\console\\Application.php(266): Symfony\\Component\\Console\\Application->doRunCommand(Object(Illuminate\\Foundation\\Console\\OptimizeCommand), Object(Symfony\\Component\\Console\\Input\\ArgvInput), Object(Symfony\\Component\\Console\\Output\\ConsoleOutput))
#27 D:\\xampp\\htdocs\\my-jesus\\vendor\\symfony\\console\\Application.php(142): Symfony\\Component\\Console\\Application->doRun(Object(Symfony\\Component\\Console\\Input\\ArgvInput), Object(Symfony\\Component\\Console\\Output\\ConsoleOutput))
#28 D:\\xampp\\htdocs\\my-jesus\\vendor\\laravel\\framework\\src\\Illuminate\\Console\\Application.php(93): Symfony\\Component\\Console\\Application->run(Object(Symfony\\Component\\Console\\Input\\ArgvInput), Object(Symfony\\Component\\Console\\Output\\ConsoleOutput))
#29 D:\\xampp\\htdocs\\my-jesus\\vendor\\laravel\\framework\\src\\Illuminate\\Foundation\\Console\\Kernel.php(129): Illuminate\\Console\\Application->run(Object(Symfony\\Component\\Console\\Input\\ArgvInput), Object(Symfony\\Component\\Console\\Output\\ConsoleOutput))
#30 D:\\xampp\\htdocs\\my-jesus\\artisan(37): Illuminate\\Foundation\\Console\\Kernel->handle(Object(Symfony\\Component\\Console\\Input\\ArgvInput), Object(Symfony\\Component\\Console\\Output\\ConsoleOutput))
#31 {main}
"} 
[2020-11-28 13:18:52] local.ERROR: The payload is invalid. {"exception":"[object] (Illuminate\\Contracts\\Encryption\\DecryptException(code: 0): The payload is invalid. at D:\\xampp\\htdocs\\my-jesus\\vendor\\laravel\\framework\\src\\Illuminate\\Encryption\\Encrypter.php:195)
[stacktrace]
#0 D:\\xampp\\htdocs\\my-jesus\\vendor\\laravel\\framework\\src\\Illuminate\\Encryption\\Encrypter.php(136): Illuminate\\Encryption\\Encrypter->getJsonPayload(NULL)
#1 D:\\xampp\\htdocs\\my-jesus\\vendor\\laravel\\framework\\src\\Illuminate\\Support\\Facades\\Facade.php(261): Illuminate\\Encryption\\Encrypter->decrypt('en', false)
#2 D:\\xampp\\htdocs\\my-jesus\\app\\Providers\\AppServiceProvider.php(68): Illuminate\\Support\\Facades\\Facade::__callStatic('decrypt', Array)
#3 D:\\xampp\\htdocs\\my-jesus\\vendor\\laravel\\framework\\src\\Illuminate\\Container\\BoundMethod.php(36): MyJesus\\Providers\\AppServiceProvider->boot()
#4 D:\\xampp\\htdocs\\my-jesus\\vendor\\laravel\\framework\\src\\Illuminate\\Container\\Util.php(40): Illuminate\\Container\\BoundMethod::Illuminate\\Container\\{closure}()
#5 D:\\xampp\\htdocs\\my-jesus\\vendor\\laravel\\framework\\src\\Illuminate\\Container\\BoundMethod.php(93): Illuminate\\Container\\Util::unwrapIfClosure(Object(Closure))
#6 D:\\xampp\\htdocs\\my-jesus\\vendor\\laravel\\framework\\src\\Illuminate\\Container\\BoundMethod.php(37): Illuminate\\Container\\BoundMethod::callBoundMethod(Object(Illuminate\\Foundation\\Application), Array, Object(Closure))
#7 D:\\xampp\\htdocs\\my-jesus\\vendor\\laravel\\framework\\src\\Illuminate\\Container\\Container.php(610): Illuminate\\Container\\BoundMethod::call(Object(Illuminate\\Foundation\\Application), Array, Array, NULL)
#8 D:\\xampp\\htdocs\\my-jesus\\vendor\\laravel\\framework\\src\\Illuminate\\Foundation\\Application.php(869): Illuminate\\Container\\Container->call(Array)
#9 D:\\xampp\\htdocs\\my-jesus\\vendor\\laravel\\framework\\src\\Illuminate\\Foundation\\Application.php(850): Illuminate\\Foundation\\Application->bootProvider(Object(MyJesus\\Providers\\AppServiceProvider))
#10 [internal function]: Illuminate\\Foundation\\Application->Illuminate\\Foundation\\{closure}(Object(MyJesus\\Providers\\AppServiceProvider), 24)
#11 D:\\xampp\\htdocs\\my-jesus\\vendor\\laravel\\framework\\src\\Illuminate\\Foundation\\Application.php(851): array_walk(Array, Object(Closure))
#12 D:\\xampp\\htdocs\\my-jesus\\vendor\\laravel\\framework\\src\\Illuminate\\Foundation\\Bootstrap\\BootProviders.php(17): Illuminate\\Foundation\\Application->boot()
#13 D:\\xampp\\htdocs\\my-jesus\\vendor\\laravel\\framework\\src\\Illuminate\\Foundation\\Application.php(230): Illuminate\\Foundation\\Bootstrap\\BootProviders->bootstrap(Object(Illuminate\\Foundation\\Application))
#14 D:\\xampp\\htdocs\\my-jesus\\vendor\\laravel\\framework\\src\\Illuminate\\Foundation\\Http\\Kernel.php(152): Illuminate\\Foundation\\Application->bootstrapWith(Array)
#15 D:\\xampp\\htdocs\\my-jesus\\vendor\\laravel\\framework\\src\\Illuminate\\Foundation\\Http\\Kernel.php(136): Illuminate\\Foundation\\Http\\Kernel->bootstrap()
#16 D:\\xampp\\htdocs\\my-jesus\\vendor\\laravel\\framework\\src\\Illuminate\\Foundation\\Http\\Kernel.php(110): Illuminate\\Foundation\\Http\\Kernel->sendRequestThroughRouter(Object(Illuminate\\Http\\Request))
#17 D:\\xampp\\htdocs\\my-jesus\\index.php(47): Illuminate\\Foundation\\Http\\Kernel->handle(Object(Illuminate\\Http\\Request))
#18 {main}
"} 
[2020-11-28 13:19:32] local.ERROR: The payload is invalid. {"exception":"[object] (Illuminate\\Contracts\\Encryption\\DecryptException(code: 0): The payload is invalid. at D:\\xampp\\htdocs\\my-jesus\\vendor\\laravel\\framework\\src\\Illuminate\\Encryption\\Encrypter.php:195)
[stacktrace]
#0 D:\\xampp\\htdocs\\my-jesus\\vendor\\laravel\\framework\\src\\Illuminate\\Encryption\\Encrypter.php(136): Illuminate\\Encryption\\Encrypter->getJsonPayload(NULL)
#1 D:\\xampp\\htdocs\\my-jesus\\vendor\\laravel\\framework\\src\\Illuminate\\Support\\Facades\\Facade.php(261): Illuminate\\Encryption\\Encrypter->decrypt('en', false)
#2 D:\\xampp\\htdocs\\my-jesus\\app\\Providers\\AppServiceProvider.php(68): Illuminate\\Support\\Facades\\Facade::__callStatic('decrypt', Array)
#3 D:\\xampp\\htdocs\\my-jesus\\vendor\\laravel\\framework\\src\\Illuminate\\Container\\BoundMethod.php(36): MyJesus\\Providers\\AppServiceProvider->boot()
#4 D:\\xampp\\htdocs\\my-jesus\\vendor\\laravel\\framework\\src\\Illuminate\\Container\\Util.php(40): Illuminate\\Container\\BoundMethod::Illuminate\\Container\\{closure}()
#5 D:\\xampp\\htdocs\\my-jesus\\vendor\\laravel\\framework\\src\\Illuminate\\Container\\BoundMethod.php(93): Illuminate\\Container\\Util::unwrapIfClosure(Object(Closure))
#6 D:\\xampp\\htdocs\\my-jesus\\vendor\\laravel\\framework\\src\\Illuminate\\Container\\BoundMethod.php(37): Illuminate\\Container\\BoundMethod::callBoundMethod(Object(Illuminate\\Foundation\\Application), Array, Object(Closure))
#7 D:\\xampp\\htdocs\\my-jesus\\vendor\\laravel\\framework\\src\\Illuminate\\Container\\Container.php(610): Illuminate\\Container\\BoundMethod::call(Object(Illuminate\\Foundation\\Application), Array, Array, NULL)
#8 D:\\xampp\\htdocs\\my-jesus\\vendor\\laravel\\framework\\src\\Illuminate\\Foundation\\Application.php(869): Illuminate\\Container\\Container->call(Array)
#9 D:\\xampp\\htdocs\\my-jesus\\vendor\\laravel\\framework\\src\\Illuminate\\Foundation\\Application.php(850): Illuminate\\Foundation\\Application->bootProvider(Object(MyJesus\\Providers\\AppServiceProvider))
#10 [internal function]: Illuminate\\Foundation\\Application->Illuminate\\Foundation\\{closure}(Object(MyJesus\\Providers\\AppServiceProvider), 24)
#11 D:\\xampp\\htdocs\\my-jesus\\vendor\\laravel\\framework\\src\\Illuminate\\Foundation\\Application.php(851): array_walk(Array, Object(Closure))
#12 D:\\xampp\\htdocs\\my-jesus\\vendor\\laravel\\framework\\src\\Illuminate\\Foundation\\Bootstrap\\BootProviders.php(17): Illuminate\\Foundation\\Application->boot()
#13 D:\\xampp\\htdocs\\my-jesus\\vendor\\laravel\\framework\\src\\Illuminate\\Foundation\\Application.php(230): Illuminate\\Foundation\\Bootstrap\\BootProviders->bootstrap(Object(Illuminate\\Foundation\\Application))
#14 D:\\xampp\\htdocs\\my-jesus\\vendor\\laravel\\framework\\src\\Illuminate\\Foundation\\Http\\Kernel.php(152): Illuminate\\Foundation\\Application->bootstrapWith(Array)
#15 D:\\xampp\\htdocs\\my-jesus\\vendor\\laravel\\framework\\src\\Illuminate\\Foundation\\Http\\Kernel.php(136): Illuminate\\Foundation\\Http\\Kernel->bootstrap()
#16 D:\\xampp\\htdocs\\my-jesus\\vendor\\laravel\\framework\\src\\Illuminate\\Foundation\\Http\\Kernel.php(110): Illuminate\\Foundation\\Http\\Kernel->sendRequestThroughRouter(Object(Illuminate\\Http\\Request))
#17 D:\\xampp\\htdocs\\my-jesus\\index.php(47): Illuminate\\Foundation\\Http\\Kernel->handle(Object(Illuminate\\Http\\Request))
#18 {main}
"} 
[2020-11-28 13:19:51] local.ERROR: The payload is invalid. {"exception":"[object] (Illuminate\\Contracts\\Encryption\\DecryptException(code: 0): The payload is invalid. at D:\\xampp\\htdocs\\my-jesus\\vendor\\laravel\\framework\\src\\Illuminate\\Encryption\\Encrypter.php:195)
[stacktrace]
#0 D:\\xampp\\htdocs\\my-jesus\\vendor\\laravel\\framework\\src\\Illuminate\\Encryption\\Encrypter.php(136): Illuminate\\Encryption\\Encrypter->getJsonPayload(NULL)
#1 D:\\xampp\\htdocs\\my-jesus\\vendor\\laravel\\framework\\src\\Illuminate\\Support\\Facades\\Facade.php(261): Illuminate\\Encryption\\Encrypter->decrypt('en', false)
#2 D:\\xampp\\htdocs\\my-jesus\\app\\Providers\\AppServiceProvider.php(68): Illuminate\\Support\\Facades\\Facade::__callStatic('decrypt', Array)
#3 D:\\xampp\\htdocs\\my-jesus\\vendor\\laravel\\framework\\src\\Illuminate\\Container\\BoundMethod.php(36): MyJesus\\Providers\\AppServiceProvider->boot()
#4 D:\\xampp\\htdocs\\my-jesus\\vendor\\laravel\\framework\\src\\Illuminate\\Container\\Util.php(40): Illuminate\\Container\\BoundMethod::Illuminate\\Container\\{closure}()
#5 D:\\xampp\\htdocs\\my-jesus\\vendor\\laravel\\framework\\src\\Illuminate\\Container\\BoundMethod.php(93): Illuminate\\Container\\Util::unwrapIfClosure(Object(Closure))
#6 D:\\xampp\\htdocs\\my-jesus\\vendor\\laravel\\framework\\src\\Illuminate\\Container\\BoundMethod.php(37): Illuminate\\Container\\BoundMethod::callBoundMethod(Object(Illuminate\\Foundation\\Application), Array, Object(Closure))
#7 D:\\xampp\\htdocs\\my-jesus\\vendor\\laravel\\framework\\src\\Illuminate\\Container\\Container.php(610): Illuminate\\Container\\BoundMethod::call(Object(Illuminate\\Foundation\\Application), Array, Array, NULL)
#8 D:\\xampp\\htdocs\\my-jesus\\vendor\\laravel\\framework\\src\\Illuminate\\Foundation\\Application.php(869): Illuminate\\Container\\Container->call(Array)
#9 D:\\xampp\\htdocs\\my-jesus\\vendor\\laravel\\framework\\src\\Illuminate\\Foundation\\Application.php(850): Illuminate\\Foundation\\Application->bootProvider(Object(MyJesus\\Providers\\AppServiceProvider))
#10 [internal function]: Illuminate\\Foundation\\Application->Illuminate\\Foundation\\{closure}(Object(MyJesus\\Providers\\AppServiceProvider), 24)
#11 D:\\xampp\\htdocs\\my-jesus\\vendor\\laravel\\framework\\src\\Illuminate\\Foundation\\Application.php(851): array_walk(Array, Object(Closure))
#12 D:\\xampp\\htdocs\\my-jesus\\vendor\\laravel\\framework\\src\\Illuminate\\Foundation\\Bootstrap\\BootProviders.php(17): Illuminate\\Foundation\\Application->boot()
#13 D:\\xampp\\htdocs\\my-jesus\\vendor\\laravel\\framework\\src\\Illuminate\\Foundation\\Application.php(230): Illuminate\\Foundation\\Bootstrap\\BootProviders->bootstrap(Object(Illuminate\\Foundation\\Application))
#14 D:\\xampp\\htdocs\\my-jesus\\vendor\\laravel\\framework\\src\\Illuminate\\Foundation\\Http\\Kernel.php(152): Illuminate\\Foundation\\Application->bootstrapWith(Array)
#15 D:\\xampp\\htdocs\\my-jesus\\vendor\\laravel\\framework\\src\\Illuminate\\Foundation\\Http\\Kernel.php(136): Illuminate\\Foundation\\Http\\Kernel->bootstrap()
#16 D:\\xampp\\htdocs\\my-jesus\\vendor\\laravel\\framework\\src\\Illuminate\\Foundation\\Http\\Kernel.php(110): Illuminate\\Foundation\\Http\\Kernel->sendRequestThroughRouter(Object(Illuminate\\Http\\Request))
#17 D:\\xampp\\htdocs\\my-jesus\\index.php(47): Illuminate\\Foundation\\Http\\Kernel->handle(Object(Illuminate\\Http\\Request))
#18 {main}
"} 
[2020-11-28 13:24:23] local.ERROR: The payload is invalid. {"exception":"[object] (Illuminate\\Contracts\\Encryption\\DecryptException(code: 0): The payload is invalid. at D:\\xampp\\htdocs\\my-jesus\\vendor\\laravel\\framework\\src\\Illuminate\\Encryption\\Encrypter.php:195)
[stacktrace]
#0 D:\\xampp\\htdocs\\my-jesus\\vendor\\laravel\\framework\\src\\Illuminate\\Encryption\\Encrypter.php(136): Illuminate\\Encryption\\Encrypter->getJsonPayload(NULL)
#1 D:\\xampp\\htdocs\\my-jesus\\vendor\\laravel\\framework\\src\\Illuminate\\Support\\Facades\\Facade.php(261): Illuminate\\Encryption\\Encrypter->decrypt('en', false)
#2 D:\\xampp\\htdocs\\my-jesus\\app\\Providers\\AppServiceProvider.php(68): Illuminate\\Support\\Facades\\Facade::__callStatic('decrypt', Array)
#3 D:\\xampp\\htdocs\\my-jesus\\vendor\\laravel\\framework\\src\\Illuminate\\Container\\BoundMethod.php(36): MyJesus\\Providers\\AppServiceProvider->boot()
#4 D:\\xampp\\htdocs\\my-jesus\\vendor\\laravel\\framework\\src\\Illuminate\\Container\\Util.php(40): Illuminate\\Container\\BoundMethod::Illuminate\\Container\\{closure}()
#5 D:\\xampp\\htdocs\\my-jesus\\vendor\\laravel\\framework\\src\\Illuminate\\Container\\BoundMethod.php(93): Illuminate\\Container\\Util::unwrapIfClosure(Object(Closure))
#6 D:\\xampp\\htdocs\\my-jesus\\vendor\\laravel\\framework\\src\\Illuminate\\Container\\BoundMethod.php(37): Illuminate\\Container\\BoundMethod::callBoundMethod(Object(Illuminate\\Foundation\\Application), Array, Object(Closure))
#7 D:\\xampp\\htdocs\\my-jesus\\vendor\\laravel\\framework\\src\\Illuminate\\Container\\Container.php(610): Illuminate\\Container\\BoundMethod::call(Object(Illuminate\\Foundation\\Application), Array, Array, NULL)
#8 D:\\xampp\\htdocs\\my-jesus\\vendor\\laravel\\framework\\src\\Illuminate\\Foundation\\Application.php(869): Illuminate\\Container\\Container->call(Array)
#9 D:\\xampp\\htdocs\\my-jesus\\vendor\\laravel\\framework\\src\\Illuminate\\Foundation\\Application.php(850): Illuminate\\Foundation\\Application->bootProvider(Object(MyJesus\\Providers\\AppServiceProvider))
#10 [internal function]: Illuminate\\Foundation\\Application->Illuminate\\Foundation\\{closure}(Object(MyJesus\\Providers\\AppServiceProvider), 24)
#11 D:\\xampp\\htdocs\\my-jesus\\vendor\\laravel\\framework\\src\\Illuminate\\Foundation\\Application.php(851): array_walk(Array, Object(Closure))
#12 D:\\xampp\\htdocs\\my-jesus\\vendor\\laravel\\framework\\src\\Illuminate\\Foundation\\Bootstrap\\BootProviders.php(17): Illuminate\\Foundation\\Application->boot()
#13 D:\\xampp\\htdocs\\my-jesus\\vendor\\laravel\\framework\\src\\Illuminate\\Foundation\\Application.php(230): Illuminate\\Foundation\\Bootstrap\\BootProviders->bootstrap(Object(Illuminate\\Foundation\\Application))
#14 D:\\xampp\\htdocs\\my-jesus\\vendor\\laravel\\framework\\src\\Illuminate\\Foundation\\Http\\Kernel.php(152): Illuminate\\Foundation\\Application->bootstrapWith(Array)
#15 D:\\xampp\\htdocs\\my-jesus\\vendor\\laravel\\framework\\src\\Illuminate\\Foundation\\Http\\Kernel.php(136): Illuminate\\Foundation\\Http\\Kernel->bootstrap()
#16 D:\\xampp\\htdocs\\my-jesus\\vendor\\laravel\\framework\\src\\Illuminate\\Foundation\\Http\\Kernel.php(110): Illuminate\\Foundation\\Http\\Kernel->sendRequestThroughRouter(Object(Illuminate\\Http\\Request))
#17 D:\\xampp\\htdocs\\my-jesus\\index.php(47): Illuminate\\Foundation\\Http\\Kernel->handle(Object(Illuminate\\Http\\Request))
#18 {main}
"} 
[2020-11-28 13:27:26] local.ERROR: The payload is invalid. {"exception":"[object] (Illuminate\\Contracts\\Encryption\\DecryptException(code: 0): The payload is invalid. at D:\\xampp\\htdocs\\my-jesus\\vendor\\laravel\\framework\\src\\Illuminate\\Encryption\\Encrypter.php:195)
[stacktrace]
#0 D:\\xampp\\htdocs\\my-jesus\\vendor\\laravel\\framework\\src\\Illuminate\\Encryption\\Encrypter.php(136): Illuminate\\Encryption\\Encrypter->getJsonPayload(NULL)
#1 D:\\xampp\\htdocs\\my-jesus\\vendor\\laravel\\framework\\src\\Illuminate\\Support\\Facades\\Facade.php(261): Illuminate\\Encryption\\Encrypter->decrypt('en', false)
#2 D:\\xampp\\htdocs\\my-jesus\\app\\Providers\\AppServiceProvider.php(68): Illuminate\\Support\\Facades\\Facade::__callStatic('decrypt', Array)
#3 D:\\xampp\\htdocs\\my-jesus\\vendor\\laravel\\framework\\src\\Illuminate\\Container\\BoundMethod.php(36): MyJesus\\Providers\\AppServiceProvider->boot()
#4 D:\\xampp\\htdocs\\my-jesus\\vendor\\laravel\\framework\\src\\Illuminate\\Container\\Util.php(40): Illuminate\\Container\\BoundMethod::Illuminate\\Container\\{closure}()
#5 D:\\xampp\\htdocs\\my-jesus\\vendor\\laravel\\framework\\src\\Illuminate\\Container\\BoundMethod.php(93): Illuminate\\Container\\Util::unwrapIfClosure(Object(Closure))
#6 D:\\xampp\\htdocs\\my-jesus\\vendor\\laravel\\framework\\src\\Illuminate\\Container\\BoundMethod.php(37): Illuminate\\Container\\BoundMethod::callBoundMethod(Object(Illuminate\\Foundation\\Application), Array, Object(Closure))
#7 D:\\xampp\\htdocs\\my-jesus\\vendor\\laravel\\framework\\src\\Illuminate\\Container\\Container.php(610): Illuminate\\Container\\BoundMethod::call(Object(Illuminate\\Foundation\\Application), Array, Array, NULL)
#8 D:\\xampp\\htdocs\\my-jesus\\vendor\\laravel\\framework\\src\\Illuminate\\Foundation\\Application.php(869): Illuminate\\Container\\Container->call(Array)
#9 D:\\xampp\\htdocs\\my-jesus\\vendor\\laravel\\framework\\src\\Illuminate\\Foundation\\Application.php(850): Illuminate\\Foundation\\Application->bootProvider(Object(MyJesus\\Providers\\AppServiceProvider))
#10 [internal function]: Illuminate\\Foundation\\Application->Illuminate\\Foundation\\{closure}(Object(MyJesus\\Providers\\AppServiceProvider), 24)
#11 D:\\xampp\\htdocs\\my-jesus\\vendor\\laravel\\framework\\src\\Illuminate\\Foundation\\Application.php(851): array_walk(Array, Object(Closure))
#12 D:\\xampp\\htdocs\\my-jesus\\vendor\\laravel\\framework\\src\\Illuminate\\Foundation\\Bootstrap\\BootProviders.php(17): Illuminate\\Foundation\\Application->boot()
#13 D:\\xampp\\htdocs\\my-jesus\\vendor\\laravel\\framework\\src\\Illuminate\\Foundation\\Application.php(230): Illuminate\\Foundation\\Bootstrap\\BootProviders->bootstrap(Object(Illuminate\\Foundation\\Application))
#14 D:\\xampp\\htdocs\\my-jesus\\vendor\\laravel\\framework\\src\\Illuminate\\Foundation\\Http\\Kernel.php(152): Illuminate\\Foundation\\Application->bootstrapWith(Array)
#15 D:\\xampp\\htdocs\\my-jesus\\vendor\\laravel\\framework\\src\\Illuminate\\Foundation\\Http\\Kernel.php(136): Illuminate\\Foundation\\Http\\Kernel->bootstrap()
#16 D:\\xampp\\htdocs\\my-jesus\\vendor\\laravel\\framework\\src\\Illuminate\\Foundation\\Http\\Kernel.php(110): Illuminate\\Foundation\\Http\\Kernel->sendRequestThroughRouter(Object(Illuminate\\Http\\Request))
#17 D:\\xampp\\htdocs\\my-jesus\\index.php(47): Illuminate\\Foundation\\Http\\Kernel->handle(Object(Illuminate\\Http\\Request))
#18 {main}
"} 
[2020-11-28 13:27:56] local.ERROR: The payload is invalid. {"exception":"[object] (Illuminate\\Contracts\\Encryption\\DecryptException(code: 0): The payload is invalid. at D:\\xampp\\htdocs\\my-jesus\\vendor\\laravel\\framework\\src\\Illuminate\\Encryption\\Encrypter.php:195)
[stacktrace]
#0 D:\\xampp\\htdocs\\my-jesus\\vendor\\laravel\\framework\\src\\Illuminate\\Encryption\\Encrypter.php(136): Illuminate\\Encryption\\Encrypter->getJsonPayload(NULL)
#1 D:\\xampp\\htdocs\\my-jesus\\vendor\\laravel\\framework\\src\\Illuminate\\Support\\Facades\\Facade.php(261): Illuminate\\Encryption\\Encrypter->decrypt('en', false)
#2 D:\\xampp\\htdocs\\my-jesus\\app\\Providers\\AppServiceProvider.php(68): Illuminate\\Support\\Facades\\Facade::__callStatic('decrypt', Array)
#3 D:\\xampp\\htdocs\\my-jesus\\vendor\\laravel\\framework\\src\\Illuminate\\Container\\BoundMethod.php(36): MyJesus\\Providers\\AppServiceProvider->boot()
#4 D:\\xampp\\htdocs\\my-jesus\\vendor\\laravel\\framework\\src\\Illuminate\\Container\\Util.php(40): Illuminate\\Container\\BoundMethod::Illuminate\\Container\\{closure}()
#5 D:\\xampp\\htdocs\\my-jesus\\vendor\\laravel\\framework\\src\\Illuminate\\Container\\BoundMethod.php(93): Illuminate\\Container\\Util::unwrapIfClosure(Object(Closure))
#6 D:\\xampp\\htdocs\\my-jesus\\vendor\\laravel\\framework\\src\\Illuminate\\Container\\BoundMethod.php(37): Illuminate\\Container\\BoundMethod::callBoundMethod(Object(Illuminate\\Foundation\\Application), Array, Object(Closure))
#7 D:\\xampp\\htdocs\\my-jesus\\vendor\\laravel\\framework\\src\\Illuminate\\Container\\Container.php(610): Illuminate\\Container\\BoundMethod::call(Object(Illuminate\\Foundation\\Application), Array, Array, NULL)
#8 D:\\xampp\\htdocs\\my-jesus\\vendor\\laravel\\framework\\src\\Illuminate\\Foundation\\Application.php(869): Illuminate\\Container\\Container->call(Array)
#9 D:\\xampp\\htdocs\\my-jesus\\vendor\\laravel\\framework\\src\\Illuminate\\Foundation\\Application.php(850): Illuminate\\Foundation\\Application->bootProvider(Object(MyJesus\\Providers\\AppServiceProvider))
#10 [internal function]: Illuminate\\Foundation\\Application->Illuminate\\Foundation\\{closure}(Object(MyJesus\\Providers\\AppServiceProvider), 24)
#11 D:\\xampp\\htdocs\\my-jesus\\vendor\\laravel\\framework\\src\\Illuminate\\Foundation\\Application.php(851): array_walk(Array, Object(Closure))
#12 D:\\xampp\\htdocs\\my-jesus\\vendor\\laravel\\framework\\src\\Illuminate\\Foundation\\Bootstrap\\BootProviders.php(17): Illuminate\\Foundation\\Application->boot()
#13 D:\\xampp\\htdocs\\my-jesus\\vendor\\laravel\\framework\\src\\Illuminate\\Foundation\\Application.php(230): Illuminate\\Foundation\\Bootstrap\\BootProviders->bootstrap(Object(Illuminate\\Foundation\\Application))
#14 D:\\xampp\\htdocs\\my-jesus\\vendor\\laravel\\framework\\src\\Illuminate\\Foundation\\Http\\Kernel.php(152): Illuminate\\Foundation\\Application->bootstrapWith(Array)
#15 D:\\xampp\\htdocs\\my-jesus\\vendor\\laravel\\framework\\src\\Illuminate\\Foundation\\Http\\Kernel.php(136): Illuminate\\Foundation\\Http\\Kernel->bootstrap()
#16 D:\\xampp\\htdocs\\my-jesus\\vendor\\laravel\\framework\\src\\Illuminate\\Foundation\\Http\\Kernel.php(110): Illuminate\\Foundation\\Http\\Kernel->sendRequestThroughRouter(Object(Illuminate\\Http\\Request))
#17 D:\\xampp\\htdocs\\my-jesus\\index.php(47): Illuminate\\Foundation\\Http\\Kernel->handle(Object(Illuminate\\Http\\Request))
#18 {main}
"} 
